{"/home/user/work/Echelon/src/core/computed-fixed.ts": {"path":"/home/user/work/Echelon/src/core/computed-fixed.ts","statementMap":{"0":{"start":{"line":19,"column":0},"end":{"line":19,"column":16}},"1":{"start":{"line":26,"column":0},"end":{"line":26,"column":16}},"2":{"start":{"line":31,"column":0},"end":{"line":31,"column":16}},"3":{"start":{"line":41,"column":0},"end":{"line":41,"column":16}},"4":{"start":{"line":64,"column":0},"end":{"line":64,"column":16}},"5":{"start":{"line":73,"column":0},"end":{"line":73,"column":16}},"6":{"start":{"line":111,"column":0},"end":{"line":111,"column":16}},"7":{"start":{"line":151,"column":0},"end":{"line":151,"column":16}},"8":{"start":{"line":15,"column":39},"end":{"line":15,"column":41}},"9":{"start":{"line":16,"column":30},"end":{"line":16,"column":32}},"10":{"start":{"line":17,"column":25},"end":{"line":17,"column":47}},"11":{"start":{"line":20,"column":15},"end":{"line":20,"column":41}},"12":{"start":{"line":21,"column":26},"end":{"line":21,"column":52}},"13":{"start":{"line":22,"column":2},"end":{"line":22,"column":null}},"14":{"start":{"line":23,"column":2},"end":{"line":23,"column":null}},"15":{"start":{"line":27,"column":14},"end":{"line":27,"column":32}},"16":{"start":{"line":28,"column":2},"end":{"line":28,"column":null}},"17":{"start":{"line":32,"column":14},"end":{"line":32,"column":51}},"18":{"start":{"line":33,"column":2},"end":{"line":38,"column":null}},"19":{"start":{"line":35,"column":4},"end":{"line":37,"column":null}},"20":{"start":{"line":36,"column":6},"end":{"line":36,"column":null}},"21":{"start":{"line":42,"column":14},"end":{"line":42,"column":51}},"22":{"start":{"line":43,"column":2},"end":{"line":60,"column":null}},"23":{"start":{"line":45,"column":4},"end":{"line":48,"column":null}},"24":{"start":{"line":46,"column":6},"end":{"line":46,"column":null}},"25":{"start":{"line":47,"column":6},"end":{"line":47,"column":null}},"26":{"start":{"line":51,"column":25},"end":{"line":51,"column":60}},"27":{"start":{"line":52,"column":4},"end":{"line":55,"column":null}},"28":{"start":{"line":53,"column":6},"end":{"line":53,"column":null}},"29":{"start":{"line":54,"column":6},"end":{"line":54,"column":null}},"30":{"start":{"line":57,"column":4},"end":{"line":57,"column":null}},"31":{"start":{"line":58,"column":4},"end":{"line":58,"column":null}},"32":{"start":{"line":59,"column":4},"end":{"line":59,"column":null}},"33":{"start":{"line":61,"column":2},"end":{"line":61,"column":null}},"34":{"start":{"line":65,"column":14},"end":{"line":65,"column":51}},"35":{"start":{"line":66,"column":2},"end":{"line":70,"column":null}},"36":{"start":{"line":67,"column":4},"end":{"line":67,"column":null}},"37":{"start":{"line":68,"column":25},"end":{"line":68,"column":60}},"38":{"start":{"line":69,"column":4},"end":{"line":69,"column":null}},"39":{"start":{"line":78,"column":18},"end":{"line":78,"column":44}},"40":{"start":{"line":79,"column":15},"end":{"line":79,"column":41}},"41":{"start":{"line":82,"column":4},"end":{"line":82,"column":44}},"42":{"start":{"line":82,"column":32},"end":{"line":82,"column":44}},"43":{"start":{"line":83,"column":4},"end":{"line":83,"column":48}},"44":{"start":{"line":83,"column":35},"end":{"line":83,"column":48}},"45":{"start":{"line":85,"column":4},"end":{"line":85,"column":null}},"46":{"start":{"line":86,"column":4},"end":{"line":86,"column":null}},"47":{"start":{"line":88,"column":23},"end":{"line":88,"column":56}},"48":{"start":{"line":89,"column":4},"end":{"line":93,"column":null}},"49":{"start":{"line":89,"column":20},"end":{"line":90,"column":42}},"50":{"start":{"line":90,"column":40},"end":{"line":92,"column":null}},"51":{"start":{"line":90,"column":6},"end":{"line":92,"column":7}},"52":{"start":{"line":90,"column":26},"end":{"line":90,"column":30}},"53":{"start":{"line":91,"column":8},"end":{"line":91,"column":null}},"54":{"start":{"line":91,"column":28},"end":{"line":91,"column":null}},"55":{"start":{"line":92,"column":7},"end":{"line":92,"column":null}},"56":{"start":{"line":95,"column":4},"end":{"line":95,"column":null}},"57":{"start":{"line":96,"column":4},"end":{"line":96,"column":null}},"58":{"start":{"line":99,"column":2},"end":{"line":100,"column":26}},"59":{"start":{"line":100,"column":24},"end":{"line":106,"column":null}},"60":{"start":{"line":100,"column":2},"end":{"line":106,"column":3}},"61":{"start":{"line":100,"column":16},"end":{"line":100,"column":20}},"62":{"start":{"line":101,"column":4},"end":{"line":101,"column":35}},"63":{"start":{"line":101,"column":23},"end":{"line":101,"column":35}},"64":{"start":{"line":102,"column":23},"end":{"line":102,"column":47}},"65":{"start":{"line":103,"column":4},"end":{"line":105,"column":null}},"66":{"start":{"line":104,"column":6},"end":{"line":104,"column":18}},"67":{"start":{"line":106,"column":3},"end":{"line":106,"column":null}},"68":{"start":{"line":108,"column":2},"end":{"line":108,"column":null}},"69":{"start":{"line":117,"column":2},"end":{"line":120,"column":null}},"70":{"start":{"line":118,"column":4},"end":{"line":118,"column":null}},"71":{"start":{"line":119,"column":4},"end":{"line":119,"column":null}},"72":{"start":{"line":122,"column":2},"end":{"line":122,"column":null}},"73":{"start":{"line":124,"column":2},"end":{"line":139,"column":null}},"74":{"start":{"line":125,"column":4},"end":{"line":127,"column":null}},"75":{"start":{"line":126,"column":6},"end":{"line":126,"column":25}},"76":{"start":{"line":129,"column":4},"end":{"line":129,"column":null}},"77":{"start":{"line":130,"column":4},"end":{"line":136,"column":null}},"78":{"start":{"line":131,"column":23},"end":{"line":131,"column":34}},"79":{"start":{"line":132,"column":6},"end":{"line":132,"column":null}},"80":{"start":{"line":134,"column":6},"end":{"line":134,"column":null}},"81":{"start":{"line":135,"column":6},"end":{"line":135,"column":null}},"82":{"start":{"line":138,"column":4},"end":{"line":138,"column":null}},"83":{"start":{"line":148,"column":23},"end":{"line":148,"column":50}},"84":{"start":{"line":149,"column":22},"end":{"line":149,"column":27}},"85":{"start":{"line":157,"column":2},"end":{"line":162,"column":null}},"86":{"start":{"line":158,"column":4},"end":{"line":161,"column":null}},"87":{"start":{"line":164,"column":16},"end":{"line":164,"column":45}},"88":{"start":{"line":165,"column":2},"end":{"line":165,"column":null}},"89":{"start":{"line":167,"column":2},"end":{"line":169,"column":null}},"90":{"start":{"line":168,"column":4},"end":{"line":168,"column":34}},"91":{"start":{"line":173,"column":2},"end":{"line":173,"column":null}},"92":{"start":{"line":173,"column":23},"end":{"line":173,"column":null}},"93":{"start":{"line":174,"column":2},"end":{"line":174,"column":null}},"94":{"start":{"line":176,"column":2},"end":{"line":183,"column":null}},"95":{"start":{"line":176,"column":6},"end":{"line":177,"column":52}},"96":{"start":{"line":177,"column":50},"end":{"line":179,"column":null}},"97":{"start":{"line":177,"column":4},"end":{"line":179,"column":5}},"98":{"start":{"line":177,"column":52},"end":{"line":177,"column":null}},"99":{"start":{"line":177,"column":24},"end":{"line":177,"column":26}},"100":{"start":{"line":177,"column":31},"end":{"line":177,"column":36}},"101":{"start":{"line":178,"column":6},"end":{"line":178,"column":null}},"102":{"start":{"line":179,"column":5},"end":{"line":179,"column":null}},"103":{"start":{"line":180,"column":4},"end":{"line":180,"column":null}},"104":{"start":{"line":182,"column":4},"end":{"line":182,"column":null}},"105":{"start":{"line":187,"column":32},"end":{"line":187,"column":18}},"106":{"start":{"line":187,"column":32},"end":{"line":187,"column":27}},"107":{"start":{"line":188,"column":16},"end":{"line":188,"column":38}},"108":{"start":{"line":190,"column":2},"end":{"line":190,"column":null}},"109":{"start":{"line":190,"column":36},"end":{"line":190,"column":null}},"110":{"start":{"line":192,"column":2},"end":{"line":193,"column":57}},"111":{"start":{"line":193,"column":55},"end":{"line":207,"column":null}},"112":{"start":{"line":193,"column":55},"end":{"line":207,"column":3}},"113":{"start":{"line":193,"column":57},"end":{"line":193,"column":null}},"114":{"start":{"line":193,"column":19},"end":{"line":193,"column":23}},"115":{"start":{"line":193,"column":31},"end":{"line":193,"column":30}},"116":{"start":{"line":193,"column":41},"end":{"line":193,"column":40}},"117":{"start":{"line":194,"column":4},"end":{"line":206,"column":null}},"118":{"start":{"line":195,"column":23},"end":{"line":195,"column":53}},"119":{"start":{"line":196,"column":6},"end":{"line":205,"column":null}},"120":{"start":{"line":197,"column":25},"end":{"line":197,"column":54}},"121":{"start":{"line":198,"column":8},"end":{"line":204,"column":null}},"122":{"start":{"line":199,"column":10},"end":{"line":203,"column":null}},"123":{"start":{"line":200,"column":12},"end":{"line":200,"column":null}},"124":{"start":{"line":202,"column":12},"end":{"line":202,"column":null}},"125":{"start":{"line":193,"column":2},"end":{"line":193,"column":14}},"126":{"start":{"line":207,"column":3},"end":{"line":207,"column":null}}},"fnMap":{"0":{"name":"startTracking","decl":{"start":{"line":19,"column":16},"end":{"line":19,"column":29}},"loc":{"start":{"line":19,"column":43},"end":{"line":24,"column":null}}},"1":{"name":"endTracking","decl":{"start":{"line":26,"column":16},"end":{"line":26,"column":27}},"loc":{"start":{"line":26,"column":27},"end":{"line":29,"column":null}}},"2":{"name":"recordDependency","decl":{"start":{"line":31,"column":16},"end":{"line":31,"column":32}},"loc":{"start":{"line":31,"column":70},"end":{"line":39,"column":null}}},"3":{"name":"startComputing","decl":{"start":{"line":41,"column":16},"end":{"line":41,"column":30}},"loc":{"start":{"line":41,"column":68},"end":{"line":62,"column":null}}},"4":{"name":"endComputing","decl":{"start":{"line":64,"column":16},"end":{"line":64,"column":28}},"loc":{"start":{"line":64,"column":66},"end":{"line":71,"column":null}}},"5":{"name":"isCircularDependency","decl":{"start":{"line":73,"column":16},"end":{"line":73,"column":36}},"loc":{"start":{"line":76,"column":61},"end":{"line":109,"column":null}}},"6":{"name":"dfs","decl":{"start":{"line":81,"column":11},"end":{"line":81,"column":14}},"loc":{"start":{"line":81,"column":44},"end":{"line":97,"column":null}}},"7":{"name":"safelyComputeValue","decl":{"start":{"line":111,"column":16},"end":{"line":111,"column":34}},"loc":{"start":{"line":115,"column":20},"end":{"line":140,"column":null}}},"8":{"name":"batchUpdate","decl":{"start":{"line":151,"column":16},"end":{"line":151,"column":27}},"loc":{"start":{"line":155,"column":15},"end":{"line":170,"column":null}}},"9":{"name":"processBatches","decl":{"start":{"line":172,"column":9},"end":{"line":172,"column":23}},"loc":{"start":{"line":172,"column":23},"end":{"line":184,"column":null}}},"10":{"name":"processBatch","decl":{"start":{"line":186,"column":9},"end":{"line":186,"column":21}},"loc":{"start":{"line":186,"column":40},"end":{"line":208,"column":null}}},"11":{"name":"_loop","decl":{"start":{"line":193,"column":55},"end":{"line":193,"column":57}},"loc":{"start":{"line":193,"column":57},"end":{"line":207,"column":3}}},"12":{"name":"(anonymous_26)","decl":{"start":{"line":196,"column":23},"end":{"line":196,"column":24}},"loc":{"start":{"line":196,"column":56},"end":{"line":205,"column":7}}}},"branchMap":{"0":{"loc":{"start":{"line":28,"column":9},"end":{"line":28,"column":35}},"type":"cond-expr","locations":[{"start":{"line":28,"column":15},"end":{"line":28,"column":23}},{"start":{"line":28,"column":26},"end":{"line":28,"column":35}}]},"1":{"loc":{"start":{"line":33,"column":2},"end":{"line":38,"column":null}},"type":"if","locations":[{"start":{"line":33,"column":2},"end":{"line":38,"column":null}}]},"2":{"loc":{"start":{"line":33,"column":6},"end":{"line":33,"column":38}},"type":"binary-expr","locations":[{"start":{"line":33,"column":6},"end":{"line":33,"column":9}},{"start":{"line":33,"column":13},"end":{"line":33,"column":38}}]},"3":{"loc":{"start":{"line":35,"column":4},"end":{"line":37,"column":null}},"type":"if","locations":[{"start":{"line":35,"column":4},"end":{"line":37,"column":null}}]},"4":{"loc":{"start":{"line":43,"column":2},"end":{"line":60,"column":null}},"type":"if","locations":[{"start":{"line":43,"column":2},"end":{"line":60,"column":null}}]},"5":{"loc":{"start":{"line":43,"column":6},"end":{"line":43,"column":38}},"type":"binary-expr","locations":[{"start":{"line":43,"column":6},"end":{"line":43,"column":9}},{"start":{"line":43,"column":13},"end":{"line":43,"column":38}}]},"6":{"loc":{"start":{"line":45,"column":4},"end":{"line":48,"column":null}},"type":"if","locations":[{"start":{"line":45,"column":4},"end":{"line":48,"column":null}}]},"7":{"loc":{"start":{"line":51,"column":25},"end":{"line":51,"column":60}},"type":"binary-expr","locations":[{"start":{"line":51,"column":25},"end":{"line":51,"column":55}},{"start":{"line":51,"column":59},"end":{"line":51,"column":60}}]},"8":{"loc":{"start":{"line":52,"column":4},"end":{"line":55,"column":null}},"type":"if","locations":[{"start":{"line":52,"column":4},"end":{"line":55,"column":null}}]},"9":{"loc":{"start":{"line":66,"column":2},"end":{"line":70,"column":null}},"type":"if","locations":[{"start":{"line":66,"column":2},"end":{"line":70,"column":null}}]},"10":{"loc":{"start":{"line":66,"column":6},"end":{"line":66,"column":38}},"type":"binary-expr","locations":[{"start":{"line":66,"column":6},"end":{"line":66,"column":9}},{"start":{"line":66,"column":13},"end":{"line":66,"column":38}}]},"11":{"loc":{"start":{"line":68,"column":25},"end":{"line":68,"column":60}},"type":"binary-expr","locations":[{"start":{"line":68,"column":25},"end":{"line":68,"column":55}},{"start":{"line":68,"column":59},"end":{"line":68,"column":60}}]},"12":{"loc":{"start":{"line":82,"column":4},"end":{"line":82,"column":44}},"type":"if","locations":[{"start":{"line":82,"column":4},"end":{"line":82,"column":44}}]},"13":{"loc":{"start":{"line":83,"column":4},"end":{"line":83,"column":48}},"type":"if","locations":[{"start":{"line":83,"column":4},"end":{"line":83,"column":48}}]},"14":{"loc":{"start":{"line":89,"column":4},"end":{"line":93,"column":null}},"type":"if","locations":[{"start":{"line":89,"column":4},"end":{"line":93,"column":null}}]},"15":{"loc":{"start":{"line":91,"column":8},"end":{"line":91,"column":null}},"type":"if","locations":[{"start":{"line":91,"column":8},"end":{"line":91,"column":null}}]},"16":{"loc":{"start":{"line":101,"column":4},"end":{"line":101,"column":35}},"type":"if","locations":[{"start":{"line":101,"column":4},"end":{"line":101,"column":35}}]},"17":{"loc":{"start":{"line":103,"column":4},"end":{"line":105,"column":null}},"type":"if","locations":[{"start":{"line":103,"column":4},"end":{"line":105,"column":null}}]},"18":{"loc":{"start":{"line":103,"column":8},"end":{"line":103,"column":43}},"type":"binary-expr","locations":[{"start":{"line":103,"column":8},"end":{"line":103,"column":18}},{"start":{"line":103,"column":22},"end":{"line":103,"column":43}}]},"19":{"loc":{"start":{"line":117,"column":2},"end":{"line":120,"column":null}},"type":"if","locations":[{"start":{"line":117,"column":2},"end":{"line":120,"column":null}}]},"20":{"loc":{"start":{"line":125,"column":4},"end":{"line":127,"column":null}},"type":"if","locations":[{"start":{"line":125,"column":4},"end":{"line":127,"column":null}}]},"21":{"loc":{"start":{"line":157,"column":2},"end":{"line":162,"column":null}},"type":"if","locations":[{"start":{"line":157,"column":2},"end":{"line":162,"column":null}}]},"22":{"loc":{"start":{"line":167,"column":2},"end":{"line":169,"column":null}},"type":"if","locations":[{"start":{"line":167,"column":2},"end":{"line":169,"column":null}}]},"23":{"loc":{"start":{"line":173,"column":2},"end":{"line":173,"column":null}},"type":"if","locations":[{"start":{"line":173,"column":2},"end":{"line":173,"column":null}}]},"24":{"loc":{"start":{"line":190,"column":2},"end":{"line":190,"column":null}},"type":"if","locations":[{"start":{"line":190,"column":2},"end":{"line":190,"column":null}}]},"25":{"loc":{"start":{"line":190,"column":6},"end":{"line":190,"column":34}},"type":"binary-expr","locations":[{"start":{"line":190,"column":6},"end":{"line":190,"column":11}},{"start":{"line":190,"column":15},"end":{"line":190,"column":34}}]},"26":{"loc":{"start":{"line":194,"column":4},"end":{"line":206,"column":null}},"type":"if","locations":[{"start":{"line":194,"column":4},"end":{"line":206,"column":null}}]},"27":{"loc":{"start":{"line":194,"column":8},"end":{"line":194,"column":62}},"type":"binary-expr","locations":[{"start":{"line":194,"column":8},"end":{"line":194,"column":29}},{"start":{"line":194,"column":33},"end":{"line":194,"column":62}}]},"28":{"loc":{"start":{"line":198,"column":8},"end":{"line":204,"column":null}},"type":"if","locations":[{"start":{"line":198,"column":8},"end":{"line":204,"column":null}}]}},"s":{"0":3,"1":3,"2":3,"3":3,"4":3,"5":3,"6":3,"7":3,"8":3,"9":3,"10":3,"11":0,"12":0,"13":0,"14":0,"15":0,"16":0,"17":80,"18":80,"19":0,"20":0,"21":0,"22":0,"23":0,"24":0,"25":0,"26":0,"27":0,"28":0,"29":0,"30":0,"31":0,"32":0,"33":0,"34":0,"35":0,"36":0,"37":0,"38":0,"39":0,"40":0,"41":0,"42":0,"43":0,"44":0,"45":0,"46":0,"47":0,"48":0,"49":0,"50":0,"51":0,"52":0,"53":0,"54":0,"55":0,"56":0,"57":0,"58":0,"59":0,"60":0,"61":0,"62":0,"63":0,"64":0,"65":0,"66":0,"67":0,"68":0,"69":0,"70":0,"71":0,"72":0,"73":0,"74":0,"75":0,"76":0,"77":0,"78":0,"79":0,"80":0,"81":0,"82":0,"83":3,"84":3,"85":0,"86":0,"87":0,"88":0,"89":0,"90":0,"91":0,"92":0,"93":0,"94":0,"95":0,"96":0,"97":0,"98":0,"99":0,"100":0,"101":0,"102":0,"103":0,"104":0,"105":0,"106":0,"107":0,"108":0,"109":0,"110":0,"111":0,"112":0,"113":0,"114":0,"115":0,"116":0,"117":0,"118":0,"119":0,"120":0,"121":0,"122":0,"123":0,"124":0,"125":0,"126":0},"f":{"0":0,"1":0,"2":80,"3":0,"4":0,"5":0,"6":0,"7":0,"8":0,"9":0,"10":0,"11":0,"12":0},"b":{"0":[0,0],"1":[0],"2":[80,0],"3":[0],"4":[0],"5":[0,0],"6":[0],"7":[0,0],"8":[0],"9":[0],"10":[0,0],"11":[0,0],"12":[0],"13":[0],"14":[0],"15":[0],"16":[0],"17":[0],"18":[0,0],"19":[0],"20":[0],"21":[0],"22":[0],"23":[0],"24":[0],"25":[0,0],"26":[0],"27":[0,0],"28":[0]}}
,"/home/user/work/Echelon/src/core/computed.ts": {"path":"/home/user/work/Echelon/src/core/computed.ts","statementMap":{"0":{"start":{"line":15,"column":0},"end":{"line":15,"column":16}},"1":{"start":{"line":21,"column":0},"end":{"line":21,"column":16}},"2":{"start":{"line":26,"column":0},"end":{"line":26,"column":16}},"3":{"start":{"line":13,"column":39},"end":{"line":13,"column":41}},"4":{"start":{"line":16,"column":15},"end":{"line":16,"column":41}},"5":{"start":{"line":17,"column":2},"end":{"line":17,"column":null}},"6":{"start":{"line":18,"column":2},"end":{"line":18,"column":null}},"7":{"start":{"line":22,"column":14},"end":{"line":22,"column":32}},"8":{"start":{"line":23,"column":2},"end":{"line":23,"column":null}},"9":{"start":{"line":27,"column":14},"end":{"line":27,"column":51}},"10":{"start":{"line":28,"column":2},"end":{"line":30,"column":null}},"11":{"start":{"line":29,"column":4},"end":{"line":29,"column":null}}},"fnMap":{"0":{"name":"startTracking","decl":{"start":{"line":15,"column":16},"end":{"line":15,"column":29}},"loc":{"start":{"line":15,"column":43},"end":{"line":19,"column":null}}},"1":{"name":"endTracking","decl":{"start":{"line":21,"column":16},"end":{"line":21,"column":27}},"loc":{"start":{"line":21,"column":27},"end":{"line":24,"column":null}}},"2":{"name":"recordDependency","decl":{"start":{"line":26,"column":16},"end":{"line":26,"column":32}},"loc":{"start":{"line":26,"column":70},"end":{"line":31,"column":null}}}},"branchMap":{"0":{"loc":{"start":{"line":23,"column":9},"end":{"line":23,"column":35}},"type":"cond-expr","locations":[{"start":{"line":23,"column":15},"end":{"line":23,"column":23}},{"start":{"line":23,"column":26},"end":{"line":23,"column":35}}]},"1":{"loc":{"start":{"line":28,"column":2},"end":{"line":30,"column":null}},"type":"if","locations":[{"start":{"line":28,"column":2},"end":{"line":30,"column":null}}]},"2":{"loc":{"start":{"line":28,"column":6},"end":{"line":28,"column":38}},"type":"binary-expr","locations":[{"start":{"line":28,"column":6},"end":{"line":28,"column":9}},{"start":{"line":28,"column":13},"end":{"line":28,"column":38}}]}},"s":{"0":0,"1":0,"2":0,"3":0,"4":0,"5":0,"6":0,"7":0,"8":0,"9":0,"10":0,"11":0},"f":{"0":0,"1":0,"2":0},"b":{"0":[0,0],"1":[0],"2":[0,0]}}
,"/home/user/work/Echelon/src/core/renderer.ts": {"path":"/home/user/work/Echelon/src/core/renderer.ts","statementMap":{"0":{"start":{"line":586,"column":0},"end":{"line":586,"column":16}},"1":{"start":{"line":4,"column":0},"end":{"line":4,"column":60}},"2":{"start":{"line":5,"column":0},"end":{"line":5,"column":null}},"3":{"start":{"line":6,"column":0},"end":{"line":6,"column":null}},"4":{"start":{"line":7,"column":0},"end":{"line":7,"column":null}},"5":{"start":{"line":9,"column":104},"end":{"line":9,"column":120}},"6":{"start":{"line":10,"column":18},"end":{"line":10,"column":62}},"7":{"start":{"line":11,"column":2},"end":{"line":23,"column":null}},"8":{"start":{"line":12,"column":4},"end":{"line":22,"column":null}},"9":{"start":{"line":13,"column":6},"end":{"line":13,"column":null}},"10":{"start":{"line":15,"column":19},"end":{"line":15,"column":32}},"11":{"start":{"line":16,"column":6},"end":{"line":21,"column":null}},"12":{"start":{"line":17,"column":21},"end":{"line":17,"column":112}},"13":{"start":{"line":18,"column":8},"end":{"line":18,"column":null}},"14":{"start":{"line":18,"column":27},"end":{"line":18,"column":null}},"15":{"start":{"line":20,"column":8},"end":{"line":20,"column":null}},"16":{"start":{"line":31,"column":52},"end":{"line":31,"column":25}},"17":{"start":{"line":31,"column":52},"end":{"line":31,"column":41}},"18":{"start":{"line":31,"column":52},"end":{"line":31,"column":47}},"19":{"start":{"line":33,"column":28},"end":{"line":33,"column":65}},"20":{"start":{"line":35,"column":2},"end":{"line":48,"column":null}},"21":{"start":{"line":42,"column":4},"end":{"line":46,"column":null}},"22":{"start":{"line":43,"column":6},"end":{"line":45,"column":null}},"23":{"start":{"line":51,"column":2},"end":{"line":60,"column":null}},"24":{"start":{"line":52,"column":4},"end":{"line":59,"column":null}},"25":{"start":{"line":53,"column":7},"end":{"line":55,"column":null}},"26":{"start":{"line":54,"column":8},"end":{"line":54,"column":null}},"27":{"start":{"line":56,"column":11},"end":{"line":59,"column":null}},"28":{"start":{"line":57,"column":6},"end":{"line":57,"column":null}},"29":{"start":{"line":58,"column":8},"end":{"line":58,"column":null}},"30":{"start":{"line":58,"column":58},"end":{"line":58,"column":130}},"31":{"start":{"line":64,"column":26},"end":{"line":64,"column":52}},"32":{"start":{"line":66,"column":29},"end":{"line":219,"column":3}},"33":{"start":{"line":70,"column":4},"end":{"line":70,"column":52}},"34":{"start":{"line":70,"column":45},"end":{"line":70,"column":52}},"35":{"start":{"line":73,"column":17},"end":{"line":73,"column":57}},"36":{"start":{"line":74,"column":4},"end":{"line":95,"column":null}},"37":{"start":{"line":75,"column":22},"end":{"line":75,"column":39}},"38":{"start":{"line":76,"column":26},"end":{"line":78,"column":8}},"39":{"start":{"line":77,"column":8},"end":{"line":77,"column":null}},"40":{"start":{"line":77,"column":32},"end":{"line":77,"column":null}},"41":{"start":{"line":79,"column":6},"end":{"line":79,"column":null}},"42":{"start":{"line":79,"column":37},"end":{"line":79,"column":null}},"43":{"start":{"line":80,"column":6},"end":{"line":80,"column":null}},"44":{"start":{"line":81,"column":23},"end":{"line":81,"column":62}},"45":{"start":{"line":82,"column":6},"end":{"line":82,"column":null}},"46":{"start":{"line":82,"column":45},"end":{"line":82,"column":null}},"47":{"start":{"line":83,"column":6},"end":{"line":92,"column":null}},"48":{"start":{"line":85,"column":10},"end":{"line":85,"column":null}},"49":{"start":{"line":88,"column":10},"end":{"line":88,"column":null}},"50":{"start":{"line":93,"column":6},"end":{"line":93,"column":null}},"51":{"start":{"line":94,"column":6},"end":{"line":94,"column":null}},"52":{"start":{"line":97,"column":24},"end":{"line":97,"column":63}},"53":{"start":{"line":98,"column":34},"end":{"line":98,"column":51}},"54":{"start":{"line":101,"column":4},"end":{"line":117,"column":null}},"55":{"start":{"line":102,"column":8},"end":{"line":102,"column":null}},"56":{"start":{"line":103,"column":8},"end":{"line":105,"column":null}},"57":{"start":{"line":104,"column":13},"end":{"line":104,"column":null}},"58":{"start":{"line":106,"column":11},"end":{"line":117,"column":null}},"59":{"start":{"line":107,"column":8},"end":{"line":107,"column":null}},"60":{"start":{"line":108,"column":8},"end":{"line":110,"column":null}},"61":{"start":{"line":109,"column":13},"end":{"line":109,"column":null}},"62":{"start":{"line":111,"column":11},"end":{"line":117,"column":null}},"63":{"start":{"line":112,"column":8},"end":{"line":116,"column":null}},"64":{"start":{"line":113,"column":12},"end":{"line":115,"column":null}},"65":{"start":{"line":113,"column":65},"end":{"line":113,"column":null}},"66":{"start":{"line":113,"column":55},"end":{"line":113,"column":57}},"67":{"start":{"line":113,"column":60},"end":{"line":113,"column":65}},"68":{"start":{"line":114,"column":17},"end":{"line":114,"column":null}},"69":{"start":{"line":120,"column":4},"end":{"line":217,"column":null}},"70":{"start":{"line":126,"column":8},"end":{"line":126,"column":null}},"71":{"start":{"line":127,"column":8},"end":{"line":127,"column":null}},"72":{"start":{"line":130,"column":8},"end":{"line":213,"column":null}},"73":{"start":{"line":131,"column":27},"end":{"line":131,"column":39}},"74":{"start":{"line":132,"column":10},"end":{"line":132,"column":null}},"75":{"start":{"line":133,"column":10},"end":{"line":143,"column":null}},"76":{"start":{"line":134,"column":12},"end":{"line":142,"column":null}},"77":{"start":{"line":135,"column":15},"end":{"line":135,"column":null}},"78":{"start":{"line":136,"column":19},"end":{"line":142,"column":null}},"79":{"start":{"line":137,"column":15},"end":{"line":137,"column":null}},"80":{"start":{"line":138,"column":19},"end":{"line":142,"column":null}},"81":{"start":{"line":139,"column":14},"end":{"line":141,"column":null}},"82":{"start":{"line":139,"column":63},"end":{"line":139,"column":null}},"83":{"start":{"line":139,"column":53},"end":{"line":139,"column":55}},"84":{"start":{"line":139,"column":58},"end":{"line":139,"column":63}},"85":{"start":{"line":140,"column":17},"end":{"line":140,"column":null}},"86":{"start":{"line":144,"column":10},"end":{"line":161,"column":null}},"87":{"start":{"line":145,"column":29},"end":{"line":145,"column":68}},"88":{"start":{"line":146,"column":12},"end":{"line":160,"column":null}},"89":{"start":{"line":147,"column":31},"end":{"line":147,"column":67}},"90":{"start":{"line":148,"column":14},"end":{"line":159,"column":null}},"91":{"start":{"line":149,"column":16},"end":{"line":158,"column":null}},"92":{"start":{"line":150,"column":18},"end":{"line":150,"column":null}},"93":{"start":{"line":152,"column":18},"end":{"line":157,"column":null}},"94":{"start":{"line":153,"column":33},"end":{"line":153,"column":118}},"95":{"start":{"line":154,"column":20},"end":{"line":154,"column":null}},"96":{"start":{"line":154,"column":39},"end":{"line":154,"column":null}},"97":{"start":{"line":156,"column":20},"end":{"line":156,"column":null}},"98":{"start":{"line":162,"column":10},"end":{"line":208,"column":null}},"99":{"start":{"line":163,"column":28},"end":{"line":163,"column":69}},"100":{"start":{"line":164,"column":35},"end":{"line":167,"column":14}},"101":{"start":{"line":165,"column":27},"end":{"line":165,"column":58}},"102":{"start":{"line":166,"column":14},"end":{"line":166,"column":45}},"103":{"start":{"line":169,"column":12},"end":{"line":207,"column":null}},"104":{"start":{"line":170,"column":27},"end":{"line":170,"column":58}},"105":{"start":{"line":171,"column":14},"end":{"line":171,"column":null}},"106":{"start":{"line":171,"column":25},"end":{"line":171,"column":null}},"107":{"start":{"line":173,"column":27},"end":{"line":173,"column":38}},"108":{"start":{"line":174,"column":30},"end":{"line":174,"column":39}},"109":{"start":{"line":175,"column":14},"end":{"line":175,"column":null}},"110":{"start":{"line":178,"column":31},"end":{"line":178,"column":83}},"111":{"start":{"line":181,"column":14},"end":{"line":206,"column":null}},"112":{"start":{"line":182,"column":16},"end":{"line":182,"column":null}},"113":{"start":{"line":185,"column":16},"end":{"line":200,"column":null}},"114":{"start":{"line":187,"column":18},"end":{"line":191,"column":null}},"115":{"start":{"line":188,"column":29},"end":{"line":188,"column":62}},"116":{"start":{"line":189,"column":20},"end":{"line":189,"column":null}},"117":{"start":{"line":190,"column":20},"end":{"line":190,"column":null}},"118":{"start":{"line":190,"column":47},"end":{"line":190,"column":null}},"119":{"start":{"line":194,"column":18},"end":{"line":199,"column":null}},"120":{"start":{"line":195,"column":20},"end":{"line":195,"column":null}},"121":{"start":{"line":195,"column":47},"end":{"line":195,"column":null}},"122":{"start":{"line":196,"column":30},"end":{"line":196,"column":59}},"123":{"start":{"line":197,"column":20},"end":{"line":197,"column":null}},"124":{"start":{"line":197,"column":32},"end":{"line":197,"column":49}},"125":{"start":{"line":197,"column":49},"end":{"line":197,"column":85}},"126":{"start":{"line":198,"column":20},"end":{"line":198,"column":null}},"127":{"start":{"line":203,"column":16},"end":{"line":205,"column":null}},"128":{"start":{"line":204,"column":18},"end":{"line":204,"column":null}},"129":{"start":{"line":210,"column":10},"end":{"line":212,"column":null}},"130":{"start":{"line":211,"column":12},"end":{"line":211,"column":null}},"131":{"start":{"line":218,"column":4},"end":{"line":218,"column":null}},"132":{"start":{"line":222,"column":2},"end":{"line":222,"column":null}},"133":{"start":{"line":222,"column":61},"end":{"line":222,"column":113}},"134":{"start":{"line":224,"column":2},"end":{"line":224,"column":null}},"135":{"start":{"line":224,"column":59},"end":{"line":224,"column":108}},"136":{"start":{"line":226,"column":2},"end":{"line":226,"column":null}},"137":{"start":{"line":226,"column":47},"end":{"line":226,"column":102}},"138":{"start":{"line":228,"column":2},"end":{"line":228,"column":null}},"139":{"start":{"line":228,"column":41},"end":{"line":228,"column":89}},"140":{"start":{"line":230,"column":2},"end":{"line":284,"column":null}},"141":{"start":{"line":231,"column":4},"end":{"line":231,"column":null}},"142":{"start":{"line":231,"column":33},"end":{"line":231,"column":null}},"143":{"start":{"line":232,"column":4},"end":{"line":283,"column":null}},"144":{"start":{"line":233,"column":19},"end":{"line":233,"column":97}},"145":{"start":{"line":234,"column":6},"end":{"line":234,"column":null}},"146":{"start":{"line":234,"column":51},"end":{"line":234,"column":null}},"147":{"start":{"line":235,"column":24},"end":{"line":235,"column":54}},"148":{"start":{"line":236,"column":33},"end":{"line":236,"column":122}},"149":{"start":{"line":237,"column":19},"end":{"line":237,"column":42}},"150":{"start":{"line":238,"column":6},"end":{"line":242,"column":null}},"151":{"start":{"line":239,"column":8},"end":{"line":239,"column":null}},"152":{"start":{"line":241,"column":8},"end":{"line":241,"column":null}},"153":{"start":{"line":243,"column":6},"end":{"line":248,"column":null}},"154":{"start":{"line":244,"column":8},"end":{"line":244,"column":null}},"155":{"start":{"line":244,"column":35},"end":{"line":244,"column":null}},"156":{"start":{"line":245,"column":18},"end":{"line":245,"column":47}},"157":{"start":{"line":246,"column":8},"end":{"line":246,"column":null}},"158":{"start":{"line":246,"column":20},"end":{"line":246,"column":37}},"159":{"start":{"line":246,"column":37},"end":{"line":246,"column":73}},"160":{"start":{"line":247,"column":8},"end":{"line":247,"column":null}},"161":{"start":{"line":249,"column":6},"end":{"line":249,"column":null}},"162":{"start":{"line":250,"column":6},"end":{"line":250,"column":null}},"163":{"start":{"line":251,"column":6},"end":{"line":282,"column":null}},"164":{"start":{"line":253,"column":10},"end":{"line":276,"column":null}},"165":{"start":{"line":254,"column":29},"end":{"line":254,"column":38}},"166":{"start":{"line":255,"column":29},"end":{"line":255,"column":81}},"167":{"start":{"line":258,"column":12},"end":{"line":275,"column":null}},"168":{"start":{"line":259,"column":14},"end":{"line":259,"column":null}},"169":{"start":{"line":261,"column":14},"end":{"line":265,"column":null}},"170":{"start":{"line":262,"column":23},"end":{"line":262,"column":54}},"171":{"start":{"line":263,"column":16},"end":{"line":263,"column":null}},"172":{"start":{"line":264,"column":16},"end":{"line":264,"column":null}},"173":{"start":{"line":264,"column":39},"end":{"line":264,"column":null}},"174":{"start":{"line":266,"column":14},"end":{"line":271,"column":null}},"175":{"start":{"line":267,"column":16},"end":{"line":267,"column":null}},"176":{"start":{"line":267,"column":43},"end":{"line":267,"column":null}},"177":{"start":{"line":268,"column":26},"end":{"line":268,"column":55}},"178":{"start":{"line":269,"column":16},"end":{"line":269,"column":null}},"179":{"start":{"line":269,"column":28},"end":{"line":269,"column":45}},"180":{"start":{"line":269,"column":45},"end":{"line":269,"column":81}},"181":{"start":{"line":270,"column":16},"end":{"line":270,"column":null}},"182":{"start":{"line":272,"column":14},"end":{"line":272,"column":null}},"183":{"start":{"line":274,"column":14},"end":{"line":274,"column":null}},"184":{"start":{"line":277,"column":10},"end":{"line":277,"column":null}},"185":{"start":{"line":278,"column":10},"end":{"line":278,"column":null}},"186":{"start":{"line":288,"column":2},"end":{"line":297,"column":null}},"187":{"start":{"line":289,"column":30},"end":{"line":289,"column":77}},"188":{"start":{"line":290,"column":4},"end":{"line":296,"column":null}},"189":{"start":{"line":291,"column":27},"end":{"line":291,"column":65}},"190":{"start":{"line":292,"column":6},"end":{"line":292,"column":null}},"191":{"start":{"line":293,"column":6},"end":{"line":293,"column":null}},"192":{"start":{"line":294,"column":11},"end":{"line":296,"column":null}},"193":{"start":{"line":295,"column":6},"end":{"line":295,"column":null}},"194":{"start":{"line":309,"column":42},"end":{"line":309,"column":100}},"195":{"start":{"line":310,"column":2},"end":{"line":313,"column":null}},"196":{"start":{"line":311,"column":4},"end":{"line":311,"column":null}},"197":{"start":{"line":312,"column":4},"end":{"line":312,"column":null}},"198":{"start":{"line":314,"column":2},"end":{"line":317,"column":null}},"199":{"start":{"line":315,"column":6},"end":{"line":315,"column":null}},"200":{"start":{"line":316,"column":6},"end":{"line":316,"column":null}},"201":{"start":{"line":320,"column":26},"end":{"line":320,"column":46}},"202":{"start":{"line":322,"column":2},"end":{"line":328,"column":null}},"203":{"start":{"line":323,"column":4},"end":{"line":327,"column":null}},"204":{"start":{"line":324,"column":6},"end":{"line":326,"column":null}},"205":{"start":{"line":325,"column":9},"end":{"line":325,"column":null}},"206":{"start":{"line":329,"column":2},"end":{"line":335,"column":null}},"207":{"start":{"line":330,"column":4},"end":{"line":334,"column":null}},"208":{"start":{"line":331,"column":6},"end":{"line":333,"column":null}},"209":{"start":{"line":332,"column":9},"end":{"line":332,"column":null}},"210":{"start":{"line":336,"column":2},"end":{"line":336,"column":null}},"211":{"start":{"line":337,"column":2},"end":{"line":337,"column":null}},"212":{"start":{"line":340,"column":2},"end":{"line":344,"column":null}},"213":{"start":{"line":341,"column":4},"end":{"line":341,"column":null}},"214":{"start":{"line":343,"column":4},"end":{"line":343,"column":55}},"215":{"start":{"line":346,"column":61},"end":{"line":358,"column":null}},"216":{"start":{"line":360,"column":2},"end":{"line":365,"column":null}},"217":{"start":{"line":367,"column":3},"end":{"line":367,"column":null}},"218":{"start":{"line":369,"column":2},"end":{"line":369,"column":56}},"219":{"start":{"line":371,"column":2},"end":{"line":373,"column":null}},"220":{"start":{"line":372,"column":4},"end":{"line":372,"column":null}},"221":{"start":{"line":376,"column":2},"end":{"line":407,"column":null}},"222":{"start":{"line":377,"column":4},"end":{"line":380,"column":null}},"223":{"start":{"line":379,"column":6},"end":{"line":379,"column":null}},"224":{"start":{"line":381,"column":4},"end":{"line":384,"column":null}},"225":{"start":{"line":382,"column":8},"end":{"line":382,"column":null}},"226":{"start":{"line":383,"column":8},"end":{"line":383,"column":null}},"227":{"start":{"line":387,"column":4},"end":{"line":389,"column":null}},"228":{"start":{"line":388,"column":6},"end":{"line":388,"column":null}},"229":{"start":{"line":391,"column":23},"end":{"line":391,"column":58}},"230":{"start":{"line":392,"column":31},"end":{"line":392,"column":105}},"231":{"start":{"line":395,"column":4},"end":{"line":395,"column":null}},"232":{"start":{"line":395,"column":57},"end":{"line":395,"column":96}},"233":{"start":{"line":396,"column":4},"end":{"line":396,"column":null}},"234":{"start":{"line":398,"column":29},"end":{"line":398,"column":94}},"235":{"start":{"line":399,"column":4},"end":{"line":402,"column":null}},"236":{"start":{"line":400,"column":6},"end":{"line":400,"column":56}},"237":{"start":{"line":401,"column":6},"end":{"line":401,"column":null}},"238":{"start":{"line":404,"column":4},"end":{"line":406,"column":null}},"239":{"start":{"line":405,"column":6},"end":{"line":405,"column":null}},"240":{"start":{"line":410,"column":2},"end":{"line":442,"column":null}},"241":{"start":{"line":412,"column":4},"end":{"line":414,"column":null}},"242":{"start":{"line":413,"column":6},"end":{"line":413,"column":null}},"243":{"start":{"line":416,"column":4},"end":{"line":418,"column":null}},"244":{"start":{"line":416,"column":57},"end":{"line":416,"column":56}},"245":{"start":{"line":416,"column":66},"end":{"line":416,"column":65}},"246":{"start":{"line":416,"column":78},"end":{"line":416,"column":77}},"247":{"start":{"line":417,"column":6},"end":{"line":417,"column":null}},"248":{"start":{"line":419,"column":4},"end":{"line":419,"column":null}},"249":{"start":{"line":421,"column":4},"end":{"line":424,"column":null}},"250":{"start":{"line":422,"column":6},"end":{"line":422,"column":null}},"251":{"start":{"line":422,"column":58},"end":{"line":422,"column":57}},"252":{"start":{"line":422,"column":58},"end":{"line":422,"column":76}},"253":{"start":{"line":423,"column":6},"end":{"line":423,"column":null}},"254":{"start":{"line":427,"column":4},"end":{"line":429,"column":null}},"255":{"start":{"line":428,"column":6},"end":{"line":428,"column":null}},"256":{"start":{"line":432,"column":4},"end":{"line":432,"column":null}},"257":{"start":{"line":432,"column":57},"end":{"line":432,"column":96}},"258":{"start":{"line":433,"column":4},"end":{"line":433,"column":null}},"259":{"start":{"line":436,"column":4},"end":{"line":438,"column":null}},"260":{"start":{"line":437,"column":8},"end":{"line":437,"column":null}},"261":{"start":{"line":440,"column":4},"end":{"line":440,"column":null}},"262":{"start":{"line":445,"column":2},"end":{"line":448,"column":null}},"263":{"start":{"line":446,"column":6},"end":{"line":446,"column":null}},"264":{"start":{"line":447,"column":6},"end":{"line":447,"column":18}},"265":{"start":{"line":449,"column":28},"end":{"line":449,"column":63}},"266":{"start":{"line":450,"column":33},"end":{"line":450,"column":114}},"267":{"start":{"line":451,"column":31},"end":{"line":451,"column":100}},"268":{"start":{"line":453,"column":2},"end":{"line":456,"column":null}},"269":{"start":{"line":454,"column":4},"end":{"line":454,"column":null}},"270":{"start":{"line":455,"column":4},"end":{"line":455,"column":null}},"271":{"start":{"line":458,"column":2},"end":{"line":458,"column":null}},"272":{"start":{"line":465,"column":41},"end":{"line":465,"column":16}},"273":{"start":{"line":465,"column":41},"end":{"line":465,"column":23}},"274":{"start":{"line":465,"column":41},"end":{"line":465,"column":36}},"275":{"start":{"line":468,"column":26},"end":{"line":468,"column":82}},"276":{"start":{"line":469,"column":29},"end":{"line":469,"column":89}},"277":{"start":{"line":470,"column":30},"end":{"line":470,"column":73}},"278":{"start":{"line":472,"column":4},"end":{"line":476,"column":null}},"279":{"start":{"line":473,"column":8},"end":{"line":475,"column":null}},"280":{"start":{"line":474,"column":12},"end":{"line":474,"column":null}},"281":{"start":{"line":478,"column":4},"end":{"line":482,"column":null}},"282":{"start":{"line":481,"column":8},"end":{"line":481,"column":null}},"283":{"start":{"line":484,"column":4},"end":{"line":484,"column":null}},"284":{"start":{"line":495,"column":2},"end":{"line":495,"column":33}},"285":{"start":{"line":495,"column":23},"end":{"line":495,"column":33}},"286":{"start":{"line":498,"column":2},"end":{"line":559,"column":null}},"287":{"start":{"line":499,"column":27},"end":{"line":499,"column":73}},"288":{"start":{"line":500,"column":24},"end":{"line":500,"column":47}},"289":{"start":{"line":501,"column":30},"end":{"line":501,"column":59}},"290":{"start":{"line":502,"column":4},"end":{"line":502,"column":35}},"291":{"start":{"line":504,"column":21},"end":{"line":504,"column":115}},"292":{"start":{"line":505,"column":4},"end":{"line":508,"column":null}},"293":{"start":{"line":507,"column":6},"end":{"line":507,"column":null}},"294":{"start":{"line":510,"column":4},"end":{"line":510,"column":null}},"295":{"start":{"line":513,"column":7},"end":{"line":559,"column":null}},"296":{"start":{"line":514,"column":40},"end":{"line":514,"column":42}},"297":{"start":{"line":515,"column":4},"end":{"line":517,"column":null}},"298":{"start":{"line":516,"column":6},"end":{"line":516,"column":null}},"299":{"start":{"line":518,"column":4},"end":{"line":518,"column":33}},"300":{"start":{"line":521,"column":7},"end":{"line":559,"column":null}},"301":{"start":{"line":522,"column":4},"end":{"line":522,"column":null}},"302":{"start":{"line":525,"column":7},"end":{"line":559,"column":null}},"303":{"start":{"line":526,"column":20},"end":{"line":526,"column":56}},"304":{"start":{"line":529,"column":4},"end":{"line":550,"column":null}},"305":{"start":{"line":530,"column":6},"end":{"line":530,"column":42}},"306":{"start":{"line":530,"column":35},"end":{"line":530,"column":42}},"307":{"start":{"line":531,"column":25},"end":{"line":531,"column":56}},"308":{"start":{"line":533,"column":6},"end":{"line":549,"column":null}},"309":{"start":{"line":535,"column":26},"end":{"line":535,"column":61}},"310":{"start":{"line":536,"column":8},"end":{"line":536,"column":null}},"311":{"start":{"line":539,"column":13},"end":{"line":549,"column":null}},"312":{"start":{"line":540,"column":8},"end":{"line":540,"column":48}},"313":{"start":{"line":541,"column":13},"end":{"line":549,"column":null}},"314":{"start":{"line":542,"column":8},"end":{"line":542,"column":49}},"315":{"start":{"line":543,"column":13},"end":{"line":549,"column":null}},"316":{"start":{"line":544,"column":8},"end":{"line":544,"column":43}},"317":{"start":{"line":545,"column":13},"end":{"line":549,"column":null}},"318":{"start":{"line":546,"column":8},"end":{"line":546,"column":42}},"319":{"start":{"line":548,"column":8},"end":{"line":548,"column":58}},"320":{"start":{"line":553,"column":32},"end":{"line":553,"column":34}},"321":{"start":{"line":554,"column":4},"end":{"line":556,"column":null}},"322":{"start":{"line":555,"column":6},"end":{"line":555,"column":null}},"323":{"start":{"line":557,"column":4},"end":{"line":557,"column":null}},"324":{"start":{"line":557,"column":35},"end":{"line":557,"column":70}},"325":{"start":{"line":558,"column":4},"end":{"line":558,"column":null}},"326":{"start":{"line":561,"column":2},"end":{"line":561,"column":null}},"327":{"start":{"line":562,"column":2},"end":{"line":562,"column":null}},"328":{"start":{"line":570,"column":2},"end":{"line":578,"column":null}},"329":{"start":{"line":571,"column":22},"end":{"line":571,"column":110}},"330":{"start":{"line":572,"column":4},"end":{"line":577,"column":null}},"331":{"start":{"line":573,"column":6},"end":{"line":573,"column":32}},"332":{"start":{"line":574,"column":6},"end":{"line":576,"column":null}},"333":{"start":{"line":575,"column":8},"end":{"line":575,"column":null}},"334":{"start":{"line":580,"column":2},"end":{"line":580,"column":null}},"335":{"start":{"line":580,"column":41},"end":{"line":580,"column":75}},"336":{"start":{"line":590,"column":2},"end":{"line":593,"column":null}},"337":{"start":{"line":591,"column":4},"end":{"line":591,"column":null}},"338":{"start":{"line":592,"column":4},"end":{"line":592,"column":null}},"339":{"start":{"line":594,"column":2},"end":{"line":594,"column":37}},"340":{"start":{"line":596,"column":28},"end":{"line":596,"column":77}},"341":{"start":{"line":597,"column":62},"end":{"line":597,"column":66}},"342":{"start":{"line":599,"column":2},"end":{"line":605,"column":null}},"343":{"start":{"line":600,"column":4},"end":{"line":600,"column":null}},"344":{"start":{"line":602,"column":4},"end":{"line":604,"column":null}},"345":{"start":{"line":603,"column":6},"end":{"line":603,"column":null}},"346":{"start":{"line":610,"column":2},"end":{"line":610,"column":null}},"347":{"start":{"line":610,"column":32},"end":{"line":610,"column":65}},"348":{"start":{"line":612,"column":2},"end":{"line":612,"column":null}}},"fnMap":{"0":{"name":"callWithErrorHandling","decl":{"start":{"line":9,"column":9},"end":{"line":9,"column":30}},"loc":{"start":{"line":9,"column":120},"end":{"line":24,"column":null}}},"1":{"name":"initializeComponentBindingsAndState","decl":{"start":{"line":30,"column":9},"end":{"line":30,"column":44}},"loc":{"start":{"line":30,"column":87},"end":{"line":298,"column":null}}},"2":{"name":"(anonymous_19)","decl":{"start":{"line":51,"column":30},"end":{"line":51,"column":31}},"loc":{"start":{"line":51,"column":64},"end":{"line":60,"column":3}}},"3":{"name":"(anonymous_20)","decl":{"start":{"line":53,"column":49},"end":{"line":53,"column":68}},"loc":{"start":{"line":53,"column":68},"end":{"line":55,"column":7}}},"4":{"name":"(anonymous_21)","decl":{"start":{"line":58,"column":50},"end":{"line":58,"column":55}},"loc":{"start":{"line":58,"column":55},"end":{"line":58,"column":130}}},"5":{"name":"setupFieldProperty","decl":{"start":{"line":66,"column":8},"end":{"line":66,"column":26}},"loc":{"start":{"line":69,"column":6},"end":{"line":219,"column":3}}},"6":{"name":"(anonymous_23)","decl":{"start":{"line":76,"column":50},"end":{"line":76,"column":55}},"loc":{"start":{"line":76,"column":55},"end":{"line":78,"column":7}}},"7":{"name":"get","decl":{"start":{"line":84,"column":8},"end":{"line":84,"column":11}},"loc":{"start":{"line":84,"column":11},"end":{"line":86,"column":9}}},"8":{"name":"set","decl":{"start":{"line":87,"column":8},"end":{"line":87,"column":11}},"loc":{"start":{"line":87,"column":20},"end":{"line":89,"column":9}}},"9":{"name":"(anonymous_26)","decl":{"start":{"line":113,"column":49},"end":{"line":113,"column":51}},"loc":{"start":{"line":113,"column":65},"end":{"line":115,"column":13}}},"10":{"name":"get","decl":{"start":{"line":121,"column":6},"end":{"line":121,"column":9}},"loc":{"start":{"line":121,"column":9},"end":{"line":128,"column":7}}},"11":{"name":"set","decl":{"start":{"line":129,"column":6},"end":{"line":129,"column":9}},"loc":{"start":{"line":129,"column":18},"end":{"line":214,"column":7}}},"12":{"name":"(anonymous_29)","decl":{"start":{"line":139,"column":47},"end":{"line":139,"column":49}},"loc":{"start":{"line":139,"column":63},"end":{"line":141,"column":15}}},"13":{"name":"(anonymous_30)","decl":{"start":{"line":146,"column":29},"end":{"line":146,"column":40}},"loc":{"start":{"line":146,"column":43},"end":{"line":160,"column":13}}},"14":{"name":"(anonymous_31)","decl":{"start":{"line":164,"column":62},"end":{"line":164,"column":64}},"loc":{"start":{"line":164,"column":67},"end":{"line":167,"column":13}}},"15":{"name":"(anonymous_32)","decl":{"start":{"line":169,"column":35},"end":{"line":169,"column":37}},"loc":{"start":{"line":169,"column":40},"end":{"line":207,"column":13}}},"16":{"name":"(anonymous_33)","decl":{"start":{"line":187,"column":34},"end":{"line":187,"column":37}},"loc":{"start":{"line":187,"column":40},"end":{"line":191,"column":19}}},"17":{"name":"(anonymous_34)","decl":{"start":{"line":194,"column":36},"end":{"line":194,"column":39}},"loc":{"start":{"line":194,"column":42},"end":{"line":199,"column":19}}},"18":{"name":"(anonymous_35)","decl":{"start":{"line":222,"column":32},"end":{"line":222,"column":33}},"loc":{"start":{"line":222,"column":61},"end":{"line":222,"column":113}}},"19":{"name":"(anonymous_36)","decl":{"start":{"line":224,"column":29},"end":{"line":224,"column":30}},"loc":{"start":{"line":224,"column":59},"end":{"line":224,"column":108}}},"20":{"name":"(anonymous_37)","decl":{"start":{"line":226,"column":33},"end":{"line":226,"column":47}},"loc":{"start":{"line":226,"column":47},"end":{"line":226,"column":102}}},"21":{"name":"(anonymous_38)","decl":{"start":{"line":228,"column":27},"end":{"line":228,"column":41}},"loc":{"start":{"line":228,"column":41},"end":{"line":228,"column":89}}},"22":{"name":"(anonymous_39)","decl":{"start":{"line":232,"column":32},"end":{"line":232,"column":37}},"loc":{"start":{"line":232,"column":40},"end":{"line":283,"column":5}}},"23":{"name":"(anonymous_40)","decl":{"start":{"line":243,"column":24},"end":{"line":243,"column":27}},"loc":{"start":{"line":243,"column":30},"end":{"line":248,"column":7}}},"24":{"name":"get","decl":{"start":{"line":252,"column":8},"end":{"line":252,"column":11}},"loc":{"start":{"line":252,"column":11},"end":{"line":279,"column":9}}},"25":{"name":"(anonymous_42)","decl":{"start":{"line":261,"column":31},"end":{"line":261,"column":32}},"loc":{"start":{"line":261,"column":35},"end":{"line":265,"column":15}}},"26":{"name":"(anonymous_43)","decl":{"start":{"line":266,"column":32},"end":{"line":266,"column":35}},"loc":{"start":{"line":266,"column":38},"end":{"line":271,"column":15}}},"27":{"name":"(anonymous_44)","decl":{"start":{"line":288,"column":29},"end":{"line":288,"column":30}},"loc":{"start":{"line":288,"column":70},"end":{"line":297,"column":3}}},"28":{"name":"(anonymous_46)","decl":{"start":{"line":323,"column":34},"end":{"line":323,"column":35}},"loc":{"start":{"line":323,"column":55},"end":{"line":327,"column":5}}},"29":{"name":"(anonymous_47)","decl":{"start":{"line":330,"column":34},"end":{"line":330,"column":35}},"loc":{"start":{"line":330,"column":55},"end":{"line":334,"column":5}}},"30":{"name":"update","decl":{"start":{"line":356,"column":4},"end":{"line":356,"column":10}},"loc":{"start":{"line":356,"column":17},"end":{"line":356,"column":42}}},"31":{"name":"destroy","decl":{"start":{"line":357,"column":4},"end":{"line":357,"column":11}},"loc":{"start":{"line":357,"column":18},"end":{"line":357,"column":null}}},"32":{"name":"(anonymous_50)","decl":{"start":{"line":376,"column":28},"end":{"line":376,"column":33}},"loc":{"start":{"line":376,"column":33},"end":{"line":407,"column":3}}},"33":{"name":"(anonymous_51)","decl":{"start":{"line":395,"column":53},"end":{"line":395,"column":57}},"loc":{"start":{"line":395,"column":57},"end":{"line":395,"column":96}}},"34":{"name":"(anonymous_52)","decl":{"start":{"line":399,"column":29},"end":{"line":399,"column":33}},"loc":{"start":{"line":399,"column":36},"end":{"line":402,"column":5}}},"35":{"name":"(anonymous_53)","decl":{"start":{"line":410,"column":29},"end":{"line":410,"column":34}},"loc":{"start":{"line":410,"column":34},"end":{"line":442,"column":3}}},"36":{"name":"(anonymous_54)","decl":{"start":{"line":416,"column":45},"end":{"line":416,"column":48}},"loc":{"start":{"line":416,"column":84},"end":{"line":418,"column":5}}},"37":{"name":"(anonymous_55)","decl":{"start":{"line":422,"column":47},"end":{"line":422,"column":50}},"loc":{"start":{"line":422,"column":47},"end":{"line":422,"column":76}}},"38":{"name":"(anonymous_56)","decl":{"start":{"line":432,"column":53},"end":{"line":432,"column":57}},"loc":{"start":{"line":432,"column":57},"end":{"line":432,"column":96}}},"39":{"name":"(anonymous_57)","decl":{"start":{"line":453,"column":31},"end":{"line":453,"column":35}},"loc":{"start":{"line":453,"column":38},"end":{"line":456,"column":3}}},"40":{"name":"prepareRenderArgs","decl":{"start":{"line":464,"column":9},"end":{"line":464,"column":26}},"loc":{"start":{"line":464,"column":69},"end":{"line":485,"column":null}}},"41":{"name":"(anonymous_59)","decl":{"start":{"line":472,"column":30},"end":{"line":472,"column":31}},"loc":{"start":{"line":472,"column":68},"end":{"line":476,"column":5}}},"42":{"name":"renderEchelonElementToNodes","decl":{"start":{"line":490,"column":9},"end":{"line":490,"column":36}},"loc":{"start":{"line":493,"column":73},"end":{"line":563,"column":null}}},"43":{"name":"(anonymous_61)","decl":{"start":{"line":515,"column":43},"end":{"line":515,"column":44}},"loc":{"start":{"line":515,"column":93},"end":{"line":517,"column":5}}},"44":{"name":"(anonymous_62)","decl":{"start":{"line":529,"column":39},"end":{"line":529,"column":47}},"loc":{"start":{"line":529,"column":50},"end":{"line":550,"column":5}}},"45":{"name":"(anonymous_63)","decl":{"start":{"line":554,"column":43},"end":{"line":554,"column":44}},"loc":{"start":{"line":554,"column":100},"end":{"line":556,"column":5}}},"46":{"name":"(anonymous_64)","decl":{"start":{"line":557,"column":26},"end":{"line":557,"column":35}},"loc":{"start":{"line":557,"column":35},"end":{"line":557,"column":70}}},"47":{"name":"callMountedRecursively","decl":{"start":{"line":569,"column":9},"end":{"line":569,"column":31}},"loc":{"start":{"line":569,"column":71},"end":{"line":581,"column":null}}},"48":{"name":"(anonymous_66)","decl":{"start":{"line":580,"column":36},"end":{"line":580,"column":41}},"loc":{"start":{"line":580,"column":41},"end":{"line":580,"column":75}}},"49":{"name":"mount","decl":{"start":{"line":586,"column":16},"end":{"line":586,"column":21}},"loc":{"start":{"line":588,"column":34},"end":{"line":613,"column":null}}},"50":{"name":"(anonymous_68)","decl":{"start":{"line":599,"column":28},"end":{"line":599,"column":32}},"loc":{"start":{"line":599,"column":35},"end":{"line":605,"column":3}}},"51":{"name":"(anonymous_69)","decl":{"start":{"line":610,"column":28},"end":{"line":610,"column":32}},"loc":{"start":{"line":610,"column":32},"end":{"line":610,"column":65}}}},"branchMap":{"0":{"loc":{"start":{"line":9,"column":104},"end":{"line":9,"column":120}},"type":"cond-expr","locations":[{"start":{"line":9,"column":104},"end":{"line":9,"column":118}},{"start":{"line":9,"column":118},"end":{"line":9,"column":120}}]},"1":{"loc":{"start":{"line":9,"column":104},"end":{"line":9,"column":118}},"type":"binary-expr","locations":[{"start":{"line":9,"column":104},"end":{"line":9,"column":118}},{"start":{"line":9,"column":104},"end":{"line":9,"column":118}}]},"2":{"loc":{"start":{"line":11,"column":2},"end":{"line":23,"column":null}},"type":"if","locations":[{"start":{"line":11,"column":2},"end":{"line":23,"column":null}}]},"3":{"loc":{"start":{"line":16,"column":6},"end":{"line":21,"column":null}},"type":"if","locations":[{"start":{"line":16,"column":6},"end":{"line":21,"column":null}},{"start":{"line":19,"column":13},"end":{"line":21,"column":null}}]},"4":{"loc":{"start":{"line":16,"column":10},"end":{"line":16,"column":127}},"type":"binary-expr","locations":[{"start":{"line":16,"column":10},"end":{"line":16,"column":38}},{"start":{"line":16,"column":42},"end":{"line":16,"column":127}}]},"5":{"loc":{"start":{"line":18,"column":8},"end":{"line":18,"column":null}},"type":"if","locations":[{"start":{"line":18,"column":8},"end":{"line":18,"column":null}}]},"6":{"loc":{"start":{"line":35,"column":2},"end":{"line":48,"column":null}},"type":"if","locations":[{"start":{"line":35,"column":2},"end":{"line":48,"column":null}}]},"7":{"loc":{"start":{"line":36,"column":4},"end":{"line":40,"column":38}},"type":"binary-expr","locations":[{"start":{"line":36,"column":4},"end":{"line":36,"column":22}},{"start":{"line":37,"column":5},"end":{"line":37,"column":33}},{"start":{"line":38,"column":6},"end":{"line":38,"column":36}},{"start":{"line":39,"column":6},"end":{"line":39,"column":33}},{"start":{"line":40,"column":6},"end":{"line":40,"column":37}}]},"8":{"loc":{"start":{"line":42,"column":4},"end":{"line":46,"column":null}},"type":"if","locations":[{"start":{"line":42,"column":4},"end":{"line":46,"column":null}}]},"9":{"loc":{"start":{"line":52,"column":4},"end":{"line":59,"column":null}},"type":"if","locations":[{"start":{"line":52,"column":4},"end":{"line":59,"column":null}},{"start":{"line":56,"column":11},"end":{"line":59,"column":null}}]},"10":{"loc":{"start":{"line":52,"column":8},"end":{"line":52,"column":89}},"type":"binary-expr","locations":[{"start":{"line":52,"column":8},"end":{"line":52,"column":25}},{"start":{"line":52,"column":29},"end":{"line":52,"column":89}}]},"11":{"loc":{"start":{"line":56,"column":11},"end":{"line":59,"column":null}},"type":"if","locations":[{"start":{"line":56,"column":11},"end":{"line":59,"column":null}}]},"12":{"loc":{"start":{"line":70,"column":4},"end":{"line":70,"column":52}},"type":"if","locations":[{"start":{"line":70,"column":4},"end":{"line":70,"column":52}}]},"13":{"loc":{"start":{"line":73,"column":17},"end":{"line":73,"column":57}},"type":"cond-expr","locations":[{"start":{"line":73,"column":36},"end":{"line":73,"column":38}},{"start":{"line":73,"column":20},"end":{"line":73,"column":57}}]},"14":{"loc":{"start":{"line":73,"column":17},"end":{"line":73,"column":38}},"type":"binary-expr","locations":[{"start":{"line":73,"column":17},"end":{"line":73,"column":38}},{"start":{"line":73,"column":36},"end":{"line":73,"column":38}}]},"15":{"loc":{"start":{"line":74,"column":4},"end":{"line":95,"column":null}},"type":"if","locations":[{"start":{"line":74,"column":4},"end":{"line":95,"column":null}}]},"16":{"loc":{"start":{"line":77,"column":8},"end":{"line":77,"column":null}},"type":"if","locations":[{"start":{"line":77,"column":8},"end":{"line":77,"column":null}}]},"17":{"loc":{"start":{"line":79,"column":6},"end":{"line":79,"column":null}},"type":"if","locations":[{"start":{"line":79,"column":6},"end":{"line":79,"column":null}}]},"18":{"loc":{"start":{"line":82,"column":6},"end":{"line":82,"column":null}},"type":"if","locations":[{"start":{"line":82,"column":6},"end":{"line":82,"column":null}}]},"19":{"loc":{"start":{"line":82,"column":10},"end":{"line":82,"column":43}},"type":"binary-expr","locations":[{"start":{"line":82,"column":10},"end":{"line":82,"column":31}},{"start":{"line":82,"column":35},"end":{"line":82,"column":43}}]},"20":{"loc":{"start":{"line":101,"column":4},"end":{"line":117,"column":null}},"type":"if","locations":[{"start":{"line":101,"column":4},"end":{"line":117,"column":null}},{"start":{"line":106,"column":11},"end":{"line":117,"column":null}}]},"21":{"loc":{"start":{"line":101,"column":8},"end":{"line":101,"column":72}},"type":"binary-expr","locations":[{"start":{"line":101,"column":8},"end":{"line":101,"column":27}},{"start":{"line":101,"column":31},"end":{"line":101,"column":72}}]},"22":{"loc":{"start":{"line":103,"column":8},"end":{"line":105,"column":null}},"type":"if","locations":[{"start":{"line":103,"column":8},"end":{"line":105,"column":null}}]},"23":{"loc":{"start":{"line":103,"column":12},"end":{"line":103,"column":63}},"type":"binary-expr","locations":[{"start":{"line":103,"column":12},"end":{"line":103,"column":33}},{"start":{"line":103,"column":37},"end":{"line":103,"column":63}}]},"24":{"loc":{"start":{"line":106,"column":11},"end":{"line":117,"column":null}},"type":"if","locations":[{"start":{"line":106,"column":11},"end":{"line":117,"column":null}},{"start":{"line":111,"column":11},"end":{"line":117,"column":null}}]},"25":{"loc":{"start":{"line":106,"column":15},"end":{"line":106,"column":73}},"type":"binary-expr","locations":[{"start":{"line":106,"column":15},"end":{"line":106,"column":31}},{"start":{"line":106,"column":35},"end":{"line":106,"column":73}}]},"26":{"loc":{"start":{"line":108,"column":8},"end":{"line":110,"column":null}},"type":"if","locations":[{"start":{"line":108,"column":8},"end":{"line":110,"column":null}}]},"27":{"loc":{"start":{"line":108,"column":12},"end":{"line":108,"column":63}},"type":"binary-expr","locations":[{"start":{"line":108,"column":12},"end":{"line":108,"column":33}},{"start":{"line":108,"column":37},"end":{"line":108,"column":63}}]},"28":{"loc":{"start":{"line":111,"column":11},"end":{"line":117,"column":null}},"type":"if","locations":[{"start":{"line":111,"column":11},"end":{"line":117,"column":null}}]},"29":{"loc":{"start":{"line":111,"column":15},"end":{"line":111,"column":84}},"type":"binary-expr","locations":[{"start":{"line":111,"column":15},"end":{"line":111,"column":38}},{"start":{"line":111,"column":42},"end":{"line":111,"column":84}}]},"30":{"loc":{"start":{"line":112,"column":8},"end":{"line":116,"column":null}},"type":"if","locations":[{"start":{"line":112,"column":8},"end":{"line":116,"column":null}}]},"31":{"loc":{"start":{"line":112,"column":12},"end":{"line":112,"column":85}},"type":"binary-expr","locations":[{"start":{"line":112,"column":12},"end":{"line":112,"column":33}},{"start":{"line":112,"column":37},"end":{"line":112,"column":49}},{"start":{"line":112,"column":53},"end":{"line":112,"column":85}}]},"32":{"loc":{"start":{"line":130,"column":8},"end":{"line":213,"column":null}},"type":"if","locations":[{"start":{"line":130,"column":8},"end":{"line":213,"column":null}}]},"33":{"loc":{"start":{"line":133,"column":10},"end":{"line":143,"column":null}},"type":"if","locations":[{"start":{"line":133,"column":10},"end":{"line":143,"column":null}}]},"34":{"loc":{"start":{"line":134,"column":12},"end":{"line":142,"column":null}},"type":"if","locations":[{"start":{"line":134,"column":12},"end":{"line":142,"column":null}},{"start":{"line":136,"column":19},"end":{"line":142,"column":null}}]},"35":{"loc":{"start":{"line":134,"column":16},"end":{"line":134,"column":46}},"type":"binary-expr","locations":[{"start":{"line":134,"column":16},"end":{"line":134,"column":35}},{"start":{"line":134,"column":39},"end":{"line":134,"column":46}}]},"36":{"loc":{"start":{"line":136,"column":19},"end":{"line":142,"column":null}},"type":"if","locations":[{"start":{"line":136,"column":19},"end":{"line":142,"column":null}},{"start":{"line":138,"column":19},"end":{"line":142,"column":null}}]},"37":{"loc":{"start":{"line":136,"column":23},"end":{"line":136,"column":50}},"type":"binary-expr","locations":[{"start":{"line":136,"column":23},"end":{"line":136,"column":39}},{"start":{"line":136,"column":43},"end":{"line":136,"column":50}}]},"38":{"loc":{"start":{"line":138,"column":19},"end":{"line":142,"column":null}},"type":"if","locations":[{"start":{"line":138,"column":19},"end":{"line":142,"column":null}}]},"39":{"loc":{"start":{"line":138,"column":23},"end":{"line":138,"column":90}},"type":"binary-expr","locations":[{"start":{"line":138,"column":23},"end":{"line":138,"column":46}},{"start":{"line":138,"column":50},"end":{"line":138,"column":58}},{"start":{"line":138,"column":62},"end":{"line":138,"column":90}}]},"40":{"loc":{"start":{"line":144,"column":10},"end":{"line":161,"column":null}},"type":"if","locations":[{"start":{"line":144,"column":10},"end":{"line":161,"column":null}}]},"41":{"loc":{"start":{"line":144,"column":14},"end":{"line":144,"column":74}},"type":"binary-expr","locations":[{"start":{"line":144,"column":14},"end":{"line":144,"column":32}},{"start":{"line":144,"column":36},"end":{"line":144,"column":74}}]},"42":{"loc":{"start":{"line":148,"column":14},"end":{"line":159,"column":null}},"type":"if","locations":[{"start":{"line":148,"column":14},"end":{"line":159,"column":null}}]},"43":{"loc":{"start":{"line":152,"column":18},"end":{"line":157,"column":null}},"type":"if","locations":[{"start":{"line":152,"column":18},"end":{"line":157,"column":null}},{"start":{"line":155,"column":25},"end":{"line":157,"column":null}}]},"44":{"loc":{"start":{"line":152,"column":22},"end":{"line":152,"column":130}},"type":"binary-expr","locations":[{"start":{"line":152,"column":22},"end":{"line":152,"column":50}},{"start":{"line":152,"column":54},"end":{"line":152,"column":130}}]},"45":{"loc":{"start":{"line":154,"column":20},"end":{"line":154,"column":null}},"type":"if","locations":[{"start":{"line":154,"column":20},"end":{"line":154,"column":null}}]},"46":{"loc":{"start":{"line":162,"column":10},"end":{"line":208,"column":null}},"type":"if","locations":[{"start":{"line":162,"column":10},"end":{"line":208,"column":null}}]},"47":{"loc":{"start":{"line":162,"column":14},"end":{"line":162,"column":104}},"type":"binary-expr","locations":[{"start":{"line":162,"column":14},"end":{"line":162,"column":34}},{"start":{"line":162,"column":38},"end":{"line":162,"column":78}},{"start":{"line":162,"column":82},"end":{"line":162,"column":104}}]},"48":{"loc":{"start":{"line":166,"column":21},"end":{"line":166,"column":44}},"type":"binary-expr","locations":[{"start":{"line":166,"column":21},"end":{"line":166,"column":25}},{"start":{"line":166,"column":29},"end":{"line":166,"column":44}}]},"49":{"loc":{"start":{"line":171,"column":14},"end":{"line":171,"column":null}},"type":"if","locations":[{"start":{"line":171,"column":14},"end":{"line":171,"column":null}}]},"50":{"loc":{"start":{"line":181,"column":14},"end":{"line":206,"column":null}},"type":"if","locations":[{"start":{"line":181,"column":14},"end":{"line":206,"column":null}}]},"51":{"loc":{"start":{"line":185,"column":16},"end":{"line":200,"column":null}},"type":"if","locations":[{"start":{"line":185,"column":16},"end":{"line":200,"column":null}}]},"52":{"loc":{"start":{"line":185,"column":57},"end":{"line":185,"column":90}},"type":"binary-expr","locations":[{"start":{"line":185,"column":57},"end":{"line":185,"column":77}},{"start":{"line":185,"column":81},"end":{"line":185,"column":90}}]},"53":{"loc":{"start":{"line":188,"column":29},"end":{"line":188,"column":62}},"type":"cond-expr","locations":[{"start":{"line":188,"column":52},"end":{"line":188,"column":54}},{"start":{"line":188,"column":32},"end":{"line":188,"column":62}}]},"54":{"loc":{"start":{"line":188,"column":29},"end":{"line":188,"column":54}},"type":"binary-expr","locations":[{"start":{"line":188,"column":29},"end":{"line":188,"column":54}},{"start":{"line":188,"column":52},"end":{"line":188,"column":54}}]},"55":{"loc":{"start":{"line":189,"column":20},"end":{"line":189,"column":35}},"type":"binary-expr","locations":[{"start":{"line":189,"column":20},"end":{"line":189,"column":31}},{"start":{"line":189,"column":20},"end":{"line":189,"column":31}},{"start":{"line":189,"column":20},"end":{"line":189,"column":35}}]},"56":{"loc":{"start":{"line":190,"column":20},"end":{"line":190,"column":null}},"type":"if","locations":[{"start":{"line":190,"column":20},"end":{"line":190,"column":null}}]},"57":{"loc":{"start":{"line":190,"column":24},"end":{"line":190,"column":45}},"type":"binary-expr","locations":[{"start":{"line":190,"column":24},"end":{"line":190,"column":27}},{"start":{"line":190,"column":31},"end":{"line":190,"column":45}}]},"58":{"loc":{"start":{"line":195,"column":20},"end":{"line":195,"column":null}},"type":"if","locations":[{"start":{"line":195,"column":20},"end":{"line":195,"column":null}}]},"59":{"loc":{"start":{"line":197,"column":20},"end":{"line":197,"column":null}},"type":"if","locations":[{"start":{"line":197,"column":20},"end":{"line":197,"column":null}}]},"60":{"loc":{"start":{"line":203,"column":16},"end":{"line":205,"column":null}},"type":"if","locations":[{"start":{"line":203,"column":16},"end":{"line":205,"column":null}}]},"61":{"loc":{"start":{"line":203,"column":20},"end":{"line":203,"column":68}},"type":"binary-expr","locations":[{"start":{"line":203,"column":20},"end":{"line":203,"column":38}},{"start":{"line":203,"column":42},"end":{"line":203,"column":68}}]},"62":{"loc":{"start":{"line":210,"column":10},"end":{"line":212,"column":null}},"type":"if","locations":[{"start":{"line":210,"column":10},"end":{"line":212,"column":null}}]},"63":{"loc":{"start":{"line":210,"column":14},"end":{"line":210,"column":72}},"type":"binary-expr","locations":[{"start":{"line":210,"column":14},"end":{"line":210,"column":50}},{"start":{"line":210,"column":54},"end":{"line":210,"column":72}}]},"64":{"loc":{"start":{"line":230,"column":2},"end":{"line":284,"column":null}},"type":"if","locations":[{"start":{"line":230,"column":2},"end":{"line":284,"column":null}}]},"65":{"loc":{"start":{"line":230,"column":6},"end":{"line":230,"column":57}},"type":"binary-expr","locations":[{"start":{"line":230,"column":6},"end":{"line":230,"column":25}},{"start":{"line":230,"column":29},"end":{"line":230,"column":57}}]},"66":{"loc":{"start":{"line":231,"column":4},"end":{"line":231,"column":null}},"type":"if","locations":[{"start":{"line":231,"column":4},"end":{"line":231,"column":null}}]},"67":{"loc":{"start":{"line":234,"column":6},"end":{"line":234,"column":null}},"type":"if","locations":[{"start":{"line":234,"column":6},"end":{"line":234,"column":null}}]},"68":{"loc":{"start":{"line":234,"column":10},"end":{"line":234,"column":49}},"type":"binary-expr","locations":[{"start":{"line":234,"column":10},"end":{"line":234,"column":15}},{"start":{"line":234,"column":19},"end":{"line":234,"column":49}}]},"69":{"loc":{"start":{"line":244,"column":8},"end":{"line":244,"column":null}},"type":"if","locations":[{"start":{"line":244,"column":8},"end":{"line":244,"column":null}}]},"70":{"loc":{"start":{"line":246,"column":8},"end":{"line":246,"column":null}},"type":"if","locations":[{"start":{"line":246,"column":8},"end":{"line":246,"column":null}}]},"71":{"loc":{"start":{"line":253,"column":10},"end":{"line":276,"column":null}},"type":"if","locations":[{"start":{"line":253,"column":10},"end":{"line":276,"column":null}}]},"72":{"loc":{"start":{"line":253,"column":14},"end":{"line":253,"column":43}},"type":"binary-expr","locations":[{"start":{"line":253,"column":14},"end":{"line":253,"column":24}},{"start":{"line":253,"column":28},"end":{"line":253,"column":43}}]},"73":{"loc":{"start":{"line":258,"column":12},"end":{"line":275,"column":null}},"type":"if","locations":[{"start":{"line":258,"column":12},"end":{"line":275,"column":null}},{"start":{"line":273,"column":19},"end":{"line":275,"column":null}}]},"74":{"loc":{"start":{"line":258,"column":56},"end":{"line":258,"column":89}},"type":"binary-expr","locations":[{"start":{"line":258,"column":56},"end":{"line":258,"column":76}},{"start":{"line":258,"column":80},"end":{"line":258,"column":89}}]},"75":{"loc":{"start":{"line":262,"column":23},"end":{"line":262,"column":54}},"type":"cond-expr","locations":[{"start":{"line":262,"column":46},"end":{"line":262,"column":48}},{"start":{"line":262,"column":26},"end":{"line":262,"column":54}}]},"76":{"loc":{"start":{"line":262,"column":23},"end":{"line":262,"column":48}},"type":"binary-expr","locations":[{"start":{"line":262,"column":23},"end":{"line":262,"column":48}},{"start":{"line":262,"column":46},"end":{"line":262,"column":48}}]},"77":{"loc":{"start":{"line":263,"column":16},"end":{"line":263,"column":32}},"type":"binary-expr","locations":[{"start":{"line":263,"column":16},"end":{"line":263,"column":25}},{"start":{"line":263,"column":16},"end":{"line":263,"column":25}},{"start":{"line":263,"column":16},"end":{"line":263,"column":32}}]},"78":{"loc":{"start":{"line":264,"column":16},"end":{"line":264,"column":null}},"type":"if","locations":[{"start":{"line":264,"column":16},"end":{"line":264,"column":null}}]},"79":{"loc":{"start":{"line":264,"column":20},"end":{"line":264,"column":37}},"type":"binary-expr","locations":[{"start":{"line":264,"column":20},"end":{"line":264,"column":21}},{"start":{"line":264,"column":25},"end":{"line":264,"column":37}}]},"80":{"loc":{"start":{"line":267,"column":16},"end":{"line":267,"column":null}},"type":"if","locations":[{"start":{"line":267,"column":16},"end":{"line":267,"column":null}}]},"81":{"loc":{"start":{"line":269,"column":16},"end":{"line":269,"column":null}},"type":"if","locations":[{"start":{"line":269,"column":16},"end":{"line":269,"column":null}}]},"82":{"loc":{"start":{"line":290,"column":4},"end":{"line":296,"column":null}},"type":"if","locations":[{"start":{"line":290,"column":4},"end":{"line":296,"column":null}},{"start":{"line":294,"column":11},"end":{"line":296,"column":null}}]},"83":{"loc":{"start":{"line":290,"column":8},"end":{"line":290,"column":67}},"type":"binary-expr","locations":[{"start":{"line":290,"column":8},"end":{"line":290,"column":46}},{"start":{"line":290,"column":50},"end":{"line":290,"column":67}}]},"84":{"loc":{"start":{"line":294,"column":11},"end":{"line":296,"column":null}},"type":"if","locations":[{"start":{"line":294,"column":11},"end":{"line":296,"column":null}}]},"85":{"loc":{"start":{"line":310,"column":2},"end":{"line":313,"column":null}},"type":"if","locations":[{"start":{"line":310,"column":2},"end":{"line":313,"column":null}}]},"86":{"loc":{"start":{"line":314,"column":2},"end":{"line":317,"column":null}},"type":"if","locations":[{"start":{"line":314,"column":2},"end":{"line":317,"column":null}}]},"87":{"loc":{"start":{"line":322,"column":2},"end":{"line":328,"column":null}},"type":"if","locations":[{"start":{"line":322,"column":2},"end":{"line":328,"column":null}}]},"88":{"loc":{"start":{"line":322,"column":6},"end":{"line":322,"column":57}},"type":"binary-expr","locations":[{"start":{"line":322,"column":6},"end":{"line":322,"column":27}},{"start":{"line":322,"column":31},"end":{"line":322,"column":57}}]},"89":{"loc":{"start":{"line":324,"column":6},"end":{"line":326,"column":null}},"type":"if","locations":[{"start":{"line":324,"column":6},"end":{"line":326,"column":null}}]},"90":{"loc":{"start":{"line":329,"column":2},"end":{"line":335,"column":null}},"type":"if","locations":[{"start":{"line":329,"column":2},"end":{"line":335,"column":null}}]},"91":{"loc":{"start":{"line":329,"column":6},"end":{"line":329,"column":57}},"type":"binary-expr","locations":[{"start":{"line":329,"column":6},"end":{"line":329,"column":27}},{"start":{"line":329,"column":31},"end":{"line":329,"column":57}}]},"92":{"loc":{"start":{"line":331,"column":6},"end":{"line":333,"column":null}},"type":"if","locations":[{"start":{"line":331,"column":6},"end":{"line":333,"column":null}}]},"93":{"loc":{"start":{"line":340,"column":2},"end":{"line":344,"column":null}},"type":"if","locations":[{"start":{"line":340,"column":2},"end":{"line":344,"column":null}},{"start":{"line":342,"column":9},"end":{"line":344,"column":null}}]},"94":{"loc":{"start":{"line":371,"column":2},"end":{"line":373,"column":null}},"type":"if","locations":[{"start":{"line":371,"column":2},"end":{"line":373,"column":null}}]},"95":{"loc":{"start":{"line":377,"column":4},"end":{"line":380,"column":null}},"type":"if","locations":[{"start":{"line":377,"column":4},"end":{"line":380,"column":null}}]},"96":{"loc":{"start":{"line":381,"column":4},"end":{"line":384,"column":null}},"type":"if","locations":[{"start":{"line":381,"column":4},"end":{"line":384,"column":null}}]},"97":{"loc":{"start":{"line":381,"column":8},"end":{"line":381,"column":103}},"type":"binary-expr","locations":[{"start":{"line":381,"column":8},"end":{"line":381,"column":30}},{"start":{"line":381,"column":34},"end":{"line":381,"column":103}}]},"98":{"loc":{"start":{"line":387,"column":4},"end":{"line":389,"column":null}},"type":"if","locations":[{"start":{"line":387,"column":4},"end":{"line":389,"column":null}}]},"99":{"loc":{"start":{"line":395,"column":57},"end":{"line":395,"column":95}},"type":"cond-expr","locations":[{"start":{"line":395,"column":76},"end":{"line":395,"column":78}},{"start":{"line":395,"column":61},"end":{"line":395,"column":95}}]},"100":{"loc":{"start":{"line":395,"column":57},"end":{"line":395,"column":78}},"type":"binary-expr","locations":[{"start":{"line":395,"column":57},"end":{"line":395,"column":78}},{"start":{"line":395,"column":76},"end":{"line":395,"column":78}}]},"101":{"loc":{"start":{"line":404,"column":4},"end":{"line":406,"column":null}},"type":"if","locations":[{"start":{"line":404,"column":4},"end":{"line":406,"column":null}}]},"102":{"loc":{"start":{"line":412,"column":4},"end":{"line":414,"column":null}},"type":"if","locations":[{"start":{"line":412,"column":4},"end":{"line":414,"column":null}}]},"103":{"loc":{"start":{"line":421,"column":4},"end":{"line":424,"column":null}},"type":"if","locations":[{"start":{"line":421,"column":4},"end":{"line":424,"column":null}}]},"104":{"loc":{"start":{"line":427,"column":4},"end":{"line":429,"column":null}},"type":"if","locations":[{"start":{"line":427,"column":4},"end":{"line":429,"column":null}}]},"105":{"loc":{"start":{"line":432,"column":57},"end":{"line":432,"column":95}},"type":"cond-expr","locations":[{"start":{"line":432,"column":76},"end":{"line":432,"column":78}},{"start":{"line":432,"column":61},"end":{"line":432,"column":95}}]},"106":{"loc":{"start":{"line":432,"column":57},"end":{"line":432,"column":78}},"type":"binary-expr","locations":[{"start":{"line":432,"column":57},"end":{"line":432,"column":78}},{"start":{"line":432,"column":76},"end":{"line":432,"column":78}}]},"107":{"loc":{"start":{"line":436,"column":4},"end":{"line":438,"column":null}},"type":"if","locations":[{"start":{"line":436,"column":4},"end":{"line":438,"column":null}}]},"108":{"loc":{"start":{"line":436,"column":8},"end":{"line":436,"column":82}},"type":"binary-expr","locations":[{"start":{"line":436,"column":8},"end":{"line":436,"column":33}},{"start":{"line":436,"column":37},"end":{"line":436,"column":82}}]},"109":{"loc":{"start":{"line":445,"column":2},"end":{"line":448,"column":null}},"type":"if","locations":[{"start":{"line":445,"column":2},"end":{"line":448,"column":null}}]},"110":{"loc":{"start":{"line":469,"column":29},"end":{"line":469,"column":89}},"type":"cond-expr","locations":[{"start":{"line":469,"column":66},"end":{"line":469,"column":85}},{"start":{"line":469,"column":88},"end":{"line":469,"column":89}}]},"111":{"loc":{"start":{"line":473,"column":8},"end":{"line":475,"column":null}},"type":"if","locations":[{"start":{"line":473,"column":8},"end":{"line":475,"column":null}}]},"112":{"loc":{"start":{"line":478,"column":4},"end":{"line":482,"column":null}},"type":"if","locations":[{"start":{"line":478,"column":4},"end":{"line":482,"column":null}}]},"113":{"loc":{"start":{"line":478,"column":8},"end":{"line":478,"column":91}},"type":"binary-expr","locations":[{"start":{"line":478,"column":8},"end":{"line":478,"column":45}},{"start":{"line":478,"column":49},"end":{"line":478,"column":91}}]},"114":{"loc":{"start":{"line":495,"column":2},"end":{"line":495,"column":33}},"type":"if","locations":[{"start":{"line":495,"column":2},"end":{"line":495,"column":33}}]},"115":{"loc":{"start":{"line":498,"column":2},"end":{"line":559,"column":null}},"type":"if","locations":[{"start":{"line":498,"column":2},"end":{"line":559,"column":null}},{"start":{"line":513,"column":7},"end":{"line":559,"column":null}}]},"116":{"loc":{"start":{"line":501,"column":30},"end":{"line":501,"column":59}},"type":"binary-expr","locations":[{"start":{"line":501,"column":30},"end":{"line":501,"column":53}},{"start":{"line":501,"column":57},"end":{"line":501,"column":59}}]},"117":{"loc":{"start":{"line":505,"column":4},"end":{"line":508,"column":null}},"type":"if","locations":[{"start":{"line":505,"column":4},"end":{"line":508,"column"
[...]
":{"start":{"line":31,"column":4},"end":{"line":31,"column":null}},"26":{"start":{"line":34,"column":17},"end":{"line":34,"column":null}},"27":{"start":{"line":35,"column":4},"end":{"line":37,"column":null}},"28":{"start":{"line":36,"column":6},"end":{"line":36,"column":null}},"29":{"start":{"line":26,"column":13},"end":{"line":26,"column":17}},"30":{"start":{"line":27,"column":11},"end":{"line":27,"column":null}},"31":{"start":{"line":30,"column":12},"end":{"line":32,"column":null}},"32":{"start":{"line":34,"column":13},"end":{"line":38,"column":null}},"33":{"start":{"line":26,"column":13},"end":{"line":40,"column":null}}},"fnMap":{"0":{"name":"(anonymous_12)","decl":{"start":{"line":4,"column":11},"end":{"line":4,"column":null}},"loc":{"start":{"line":4,"column":11},"end":{"line":22,"column":null}}},"1":{"name":"Comp1","decl":{"start":{"line":4,"column":0},"end":{"line":4,"column":6}},"loc":{"start":{"line":4,"column":0},"end":{"line":23,"column":1}}},"2":{"name":"clickHandle","decl":{"start":{"line":11,"column":18},"end":{"line":11,"column":29}},"loc":{"start":{"line":11,"column":43},"end":{"line":14,"column":3}}},"3":{"name":"render","decl":{"start":{"line":16,"column":12},"end":{"line":16,"column":18}},"loc":{"start":{"line":16,"column":72},"end":{"line":22,"column":3}}},"4":{"name":"(anonymous_16)","decl":{"start":{"line":26,"column":17},"end":{"line":26,"column":null}},"loc":{"start":{"line":26,"column":17},"end":{"line":38,"column":null}}},"5":{"name":"Root","decl":{"start":{"line":26,"column":7},"end":{"line":26,"column":13}},"loc":{"start":{"line":26,"column":7},"end":{"line":40,"column":1}}},"6":{"name":"render","decl":{"start":{"line":30,"column":12},"end":{"line":30,"column":18}},"loc":{"start":{"line":30,"column":18},"end":{"line":32,"column":3}}},"7":{"name":"init","decl":{"start":{"line":34,"column":13},"end":{"line":34,"column":17}},"loc":{"start":{"line":34,"column":17},"end":{"line":38,"column":3}}},"8":{"name":"(anonymous_20)","decl":{"start":{"line":35,"column":28},"end":{"line":35,"column":33}},"loc":{"start":{"line":35,"column":33},"end":{"line":37,"column":5}}}},"branchMap":{},"s":{"0":0,"1":0,"2":0,"3":0,"4":0,"5":0,"6":0,"7":0,"8":0,"9":0,"10":0,"11":0,"12":0,"13":0,"14":0,"15":0,"16":0,"17":0,"18":0,"19":0,"20":0,"21":0,"22":0,"23":0,"24":0,"25":0,"26":0,"27":0,"28":0,"29":0,"30":0,"31":0,"32":0,"33":0},"f":{"0":0,"1":0,"2":0,"3":0,"4":0,"5":0,"6":0,"7":0,"8":0},"b":{}}
,"/home/user/work/Echelon/src/router/index.ts": {"path":"/home/user/work/Echelon/src/router/index.ts","statementMap":{"0":{"start":{"line":1,"column":0},"end":{"line":1,"column":9}},"1":{"start":{"line":1,"column":9},"end":{"line":1,"column":17}},"2":{"start":{"line":1,"column":17},"end":{"line":1,"column":31}},"3":{"start":{"line":1,"column":31},"end":{"line":1,"column":37}},"4":{"start":{"line":1,"column":37},"end":{"line":1,"column":null}},"5":{"start":{"line":3,"column":0},"end":{"line":3,"column":9}},"6":{"start":{"line":3,"column":9},"end":{"line":3,"column":16}},"7":{"start":{"line":3,"column":16},"end":{"line":3,"column":null}}},"fnMap":{"0":{"name":"get","decl":{"start":{"line":1,"column":9},"end":{"line":1,"column":15}},"loc":{"start":{"line":1,"column":9},"end":{"line":1,"column":17}}},"1":{"name":"get","decl":{"start":{"line":1,"column":17},"end":{"line":1,"column":29}},"loc":{"start":{"line":1,"column":17},"end":{"line":1,"column":31}}},"2":{"name":"get","decl":{"start":{"line":1,"column":31},"end":{"line":1,"column":35}},"loc":{"start":{"line":1,"column":31},"end":{"line":1,"column":37}}},"3":{"name":"get","decl":{"start":{"line":1,"column":37},"end":{"line":1,"column":45}},"loc":{"start":{"line":1,"column":37},"end":{"line":1,"column":null}}},"4":{"name":"get","decl":{"start":{"line":3,"column":9},"end":{"line":3,"column":14}},"loc":{"start":{"line":3,"column":9},"end":{"line":3,"column":16}}},"5":{"name":"get","decl":{"start":{"line":3,"column":16},"end":{"line":3,"column":21}},"loc":{"start":{"line":3,"column":16},"end":{"line":3,"column":null}}}},"branchMap":{},"s":{"0":3,"1":3,"2":3,"3":3,"4":3,"5":3,"6":3,"7":3},"f":{"0":0,"1":0,"2":0,"3":0,"4":0,"5":0},"b":{}}
,"/home/user/work/Echelon/src/router/router.ts": {"path":"/home/user/work/Echelon/src/router/router.ts","statementMap":{"0":{"start":{"line":9,"column":0},"end":{"line":9,"column":16}},"1":{"start":{"line":1,"column":0},"end":{"line":1,"column":null}},"2":{"start":{"line":2,"column":0},"end":{"line":2,"column":null}},"3":{"start":{"line":3,"column":0},"end":{"line":3,"column":null}},"4":{"start":{"line":5,"column":0},"end":{"line":5,"column":null}},"5":{"start":{"line":7,"column":24},"end":{"line":7,"column":44}},"6":{"start":{"line":10,"column":2},"end":{"line":10,"column":null}},"7":{"start":{"line":11,"column":15},"end":{"line":11,"column":45}},"8":{"start":{"line":12,"column":2},"end":{"line":12,"column":null}},"9":{"start":{"line":16,"column":17},"end":{"line":28,"column":null}},"10":{"start":{"line":16,"column":7},"end":{"line":16,"column":13}},"11":{"start":{"line":17,"column":20},"end":{"line":17,"column":36}},"12":{"start":{"line":29,"column":1},"end":{"line":28,"column":null}},"13":{"start":{"line":21,"column":4},"end":{"line":21,"column":null}},"14":{"start":{"line":22,"column":4},"end":{"line":22,"column":null}},"15":{"start":{"line":27,"column":4},"end":{"line":27,"column":null}},"16":{"start":{"line":16,"column":13},"end":{"line":16,"column":17}},"17":{"start":{"line":17,"column":20},"end":{"line":17,"column":null}},"18":{"start":{"line":20,"column":2},"end":{"line":23,"column":null}},"19":{"start":{"line":26,"column":2},"end":{"line":28,"column":null}},"20":{"start":{"line":16,"column":13},"end":{"line":29,"column":null}},"21":{"start":{"line":32,"column":19},"end":{"line":53,"column":null}},"22":{"start":{"line":32,"column":7},"end":{"line":32,"column":13}},"23":{"start":{"line":33,"column":2},"end":{"line":33,"column":null}},"24":{"start":{"line":46,"column":2},"end":{"line":48,"column":null}},"25":{"start":{"line":47,"column":4},"end":{"line":47,"column":null}},"26":{"start":{"line":54,"column":1},"end":{"line":53,"column":null}},"27":{"start":{"line":37,"column":4},"end":{"line":37,"column":null}},"28":{"start":{"line":38,"column":4},"end":{"line":38,"column":null}},"29":{"start":{"line":43,"column":4},"end":{"line":43,"column":null}},"30":{"start":{"line":52,"column":4},"end":{"line":52,"column":null}},"31":{"start":{"line":32,"column":13},"end":{"line":32,"column":19}},"32":{"start":{"line":36,"column":2},"end":{"line":39,"column":null}},"33":{"start":{"line":42,"column":2},"end":{"line":44,"column":null}},"34":{"start":{"line":51,"column":2},"end":{"line":53,"column":null}},"35":{"start":{"line":32,"column":13},"end":{"line":54,"column":null}},"36":{"start":{"line":57,"column":25},"end":{"line":94,"column":null}},"37":{"start":{"line":57,"column":7},"end":{"line":57,"column":13}},"38":{"start":{"line":59,"column":10},"end":{"line":59,"column":null}},"39":{"start":{"line":95,"column":1},"end":{"line":94,"column":null}},"40":{"start":{"line":62,"column":17},"end":{"line":62,"column":102}},"41":{"start":{"line":63,"column":4},"end":{"line":66,"column":null}},"42":{"start":{"line":64,"column":6},"end":{"line":64,"column":null}},"43":{"start":{"line":65,"column":6},"end":{"line":65,"column":null}},"44":{"start":{"line":67,"column":18},"end":{"line":67,"column":54}},"45":{"start":{"line":68,"column":4},"end":{"line":75,"column":null}},"46":{"start":{"line":69,"column":6},"end":{"line":72,"column":null}},"47":{"start":{"line":74,"column":6},"end":{"line":74,"column":null}},"48":{"start":{"line":79,"column":9},"end":{"line":79,"column":null}},"49":{"start":{"line":80,"column":4},"end":{"line":80,"column":null}},"50":{"start":{"line":81,"column":4},"end":{"line":83,"column":null}},"51":{"start":{"line":82,"column":6},"end":{"line":82,"column":null}},"52":{"start":{"line":88,"column":4},"end":{"line":88,"column":null}},"53":{"start":{"line":93,"column":4},"end":{"line":93,"column":null}},"54":{"start":{"line":57,"column":13},"end":{"line":57,"column":25}},"55":{"start":{"line":79,"column":2},"end":{"line":84,"column":null}},"56":{"start":{"line":87,"column":2},"end":{"line":89,"column":null}},"57":{"start":{"line":92,"column":2},"end":{"line":94,"column":null}},"58":{"start":{"line":57,"column":13},"end":{"line":95,"column":null}}},"fnMap":{"0":{"name":"navigate","decl":{"start":{"line":9,"column":16},"end":{"line":9,"column":24}},"loc":{"start":{"line":9,"column":37},"end":{"line":13,"column":null}}},"1":{"name":"(anonymous_19)","decl":{"start":{"line":16,"column":17},"end":{"line":16,"column":null}},"loc":{"start":{"line":16,"column":17},"end":{"line":28,"column":null}}},"2":{"name":"Link","decl":{"start":{"line":16,"column":7},"end":{"line":16,"column":13}},"loc":{"start":{"line":16,"column":7},"end":{"line":29,"column":1}}},"3":{"name":"handleClick","decl":{"start":{"line":20,"column":2},"end":{"line":20,"column":13}},"loc":{"start":{"line":20,"column":27},"end":{"line":23,"column":3}}},"4":{"name":"render","decl":{"start":{"line":26,"column":2},"end":{"line":26,"column":8}},"loc":{"start":{"line":26,"column":34},"end":{"line":28,"column":3}}},"5":{"name":"(anonymous_23)","decl":{"start":{"line":32,"column":19},"end":{"line":32,"column":null}},"loc":{"start":{"line":32,"column":19},"end":{"line":53,"column":null}}},"6":{"name":"Router","decl":{"start":{"line":32,"column":7},"end":{"line":32,"column":13}},"loc":{"start":{"line":32,"column":7},"end":{"line":54,"column":1}}},"7":{"name":"(anonymous_25)","decl":{"start":{"line":46,"column":15},"end":{"line":46,"column":20}},"loc":{"start":{"line":46,"column":20},"end":{"line":48,"column":3}}},"8":{"name":"init","decl":{"start":{"line":36,"column":2},"end":{"line":36,"column":6}},"loc":{"start":{"line":36,"column":6},"end":{"line":39,"column":3}}},"9":{"name":"cleanup","decl":{"start":{"line":42,"column":2},"end":{"line":42,"column":9}},"loc":{"start":{"line":42,"column":9},"end":{"line":44,"column":3}}},"10":{"name":"render","decl":{"start":{"line":51,"column":2},"end":{"line":51,"column":8}},"loc":{"start":{"line":51,"column":34},"end":{"line":53,"column":3}}},"11":{"name":"(anonymous_29)","decl":{"start":{"line":57,"column":25},"end":{"line":57,"column":null}},"loc":{"start":{"line":57,"column":25},"end":{"line":94,"column":null}}},"12":{"name":"RouterOutlet","decl":{"start":{"line":57,"column":7},"end":{"line":57,"column":13}},"loc":{"start":{"line":57,"column":7},"end":{"line":95,"column":1}}},"13":{"name":"compute","decl":{"start":{"line":61,"column":10},"end":{"line":61,"column":17}},"loc":{"start":{"line":61,"column":17},"end":{"line":76,"column":3}}},"14":{"name":"mounted","decl":{"start":{"line":79,"column":2},"end":{"line":79,"column":9}},"loc":{"start":{"line":79,"column":9},"end":{"line":84,"column":3}}},"15":{"name":"(anonymous_33)","decl":{"start":{"line":81,"column":55},"end":{"line":81,"column":60}},"loc":{"start":{"line":81,"column":60},"end":{"line":83,"column":5}}},"16":{"name":"destroyed","decl":{"start":{"line":87,"column":2},"end":{"line":87,"column":11}},"loc":{"start":{"line":87,"column":11},"end":{"line":89,"column":3}}},"17":{"name":"render","decl":{"start":{"line":92,"column":2},"end":{"line":92,"column":8}},"loc":{"start":{"line":92,"column":8},"end":{"line":94,"column":3}}}},"branchMap":{"0":{"loc":{"start":{"line":12,"column":49},"end":{"line":12,"column":67}},"type":"binary-expr","locations":[{"start":{"line":12,"column":49},"end":{"line":12,"column":61}},{"start":{"line":12,"column":65},"end":{"line":12,"column":67}}]},"1":{"loc":{"start":{"line":12,"column":49},"end":{"line":12,"column":61}},"type":"cond-expr","locations":[{"start":{"line":12,"column":53},"end":{"line":12,"column":55}},{"start":{"line":12,"column":49},"end":{"line":12,"column":61}}]},"2":{"loc":{"start":{"line":12,"column":49},"end":{"line":12,"column":55}},"type":"binary-expr","locations":[{"start":{"line":12,"column":49},"end":{"line":12,"column":55}},{"start":{"line":12,"column":49},"end":{"line":12,"column":55}}]},"3":{"loc":{"start":{"line":27,"column":45},"end":{"line":27,"column":92}},"type":"cond-expr","locations":[{"start":{"line":27,"column":71},"end":{"line":27,"column":79}},{"start":{"line":27,"column":82},"end":{"line":27,"column":92}}]},"4":{"loc":{"start":{"line":52,"column":45},"end":{"line":52,"column":92}},"type":"cond-expr","locations":[{"start":{"line":52,"column":71},"end":{"line":52,"column":79}},{"start":{"line":52,"column":82},"end":{"line":52,"column":92}}]},"5":{"loc":{"start":{"line":63,"column":4},"end":{"line":66,"column":null}},"type":"if","locations":[{"start":{"line":63,"column":4},"end":{"line":66,"column":null}}]},"6":{"loc":{"start":{"line":68,"column":4},"end":{"line":75,"column":null}},"type":"if","locations":[{"start":{"line":68,"column":4},"end":{"line":75,"column":null}},{"start":{"line":73,"column":11},"end":{"line":75,"column":null}}]},"7":{"loc":{"start":{"line":88,"column":4},"end":{"line":88,"column":24}},"type":"binary-expr","locations":[{"start":{"line":88,"column":4},"end":{"line":88,"column":22}},{"start":{"line":88,"column":20},"end":{"line":88,"column":22}},{"start":{"line":88,"column":4},"end":{"line":88,"column":24}}]}},"s":{"0":3,"1":3,"2":3,"3":3,"4":3,"5":3,"6":0,"7":0,"8":0,"9":3,"10":0,"11":0,"12":3,"13":0,"14":0,"15":0,"16":3,"17":3,"18":3,"19":3,"20":3,"21":3,"22":0,"23":0,"24":0,"25":0,"26":3,"27":0,"28":0,"29":0,"30":0,"31":3,"32":3,"33":3,"34":3,"35":3,"36":3,"37":0,"38":0,"39":3,"40":0,"41":0,"42":0,"43":0,"44":0,"45":0,"46":0,"47":0,"48":0,"49":0,"50":0,"51":0,"52":0,"53":0,"54":3,"55":3,"56":3,"57":3,"58":3},"f":{"0":0,"1":3,"2":0,"3":0,"4":0,"5":3,"6":0,"7":0,"8":0,"9":0,"10":0,"11":3,"12":0,"13":0,"14":0,"15":0,"16":0,"17":0},"b":{"0":[0,0],"1":[0,0],"2":[0,0],"3":[0,0],"4":[0,0],"5":[0],"6":[0,0],"7":[0,0,0]}}
,"/home/user/work/Echelon/src/router/utils.ts": {"path":"/home/user/work/Echelon/src/router/utils.ts","statementMap":{"0":{"start":{"line":25,"column":0},"end":{"line":25,"column":16}},"1":{"start":{"line":4,"column":25},"end":{"line":4,"column":27}},"2":{"start":{"line":5,"column":22},"end":{"line":10,"column":6}},"3":{"start":{"line":8,"column":6},"end":{"line":8,"column":null}},"4":{"start":{"line":9,"column":6},"end":{"line":9,"column":null}},"5":{"start":{"line":11,"column":16},"end":{"line":11,"column":46}},"6":{"start":{"line":12,"column":2},"end":{"line":12,"column":null}},"7":{"start":{"line":16,"column":41},"end":{"line":16,"column":43}},"8":{"start":{"line":17,"column":2},"end":{"line":17,"column":null}},"9":{"start":{"line":17,"column":15},"end":{"line":17,"column":null}},"10":{"start":{"line":18,"column":14},"end":{"line":18,"column":84}},"11":{"start":{"line":19,"column":2},"end":{"line":21,"column":null}},"12":{"start":{"line":20,"column":4},"end":{"line":20,"column":null}},"13":{"start":{"line":22,"column":2},"end":{"line":22,"column":null}},"14":{"start":{"line":26,"column":34},"end":{"line":26,"column":49}},"15":{"start":{"line":26,"column":49},"end":{"line":26,"column":50}},"16":{"start":{"line":26,"column":17},"end":{"line":26,"column":19}},"17":{"start":{"line":26,"column":25},"end":{"line":26,"column":34}},"18":{"start":{"line":26,"column":50},"end":{"line":27,"column":26}},"19":{"start":{"line":27,"column":24},"end":{"line":40,"column":null}},"20":{"start":{"line":27,"column":24},"end":{"line":40,"column":3}},"21":{"start":{"line":27,"column":14},"end":{"line":27,"column":18}},"22":{"start":{"line":28,"column":4},"end":{"line":28,"column":null}},"23":{"start":{"line":28,"column":22},"end":{"line":28,"column":null}},"24":{"start":{"line":29,"column":18},"end":{"line":29,"column":50}},"25":{"start":{"line":30,"column":4},"end":{"line":39,"column":null}},"26":{"start":{"line":31,"column":6},"end":{"line":31,"column":33}},"27":{"start":{"line":31,"column":31},"end":{"line":31,"column":33}},"28":{"start":{"line":32,"column":45},"end":{"line":32,"column":47}},"29":{"start":{"line":33,"column":6},"end":{"line":33,"column":69}},"30":{"start":{"line":33,"column":36},"end":{"line":33,"column":67}},"31":{"start":{"line":33,"column":69},"end":{"line":38,"column":null}},"32":{"start":{"line":27,"column":2},"end":{"line":31,"column":null}},"33":{"start":{"line":27,"column":2},"end":{"line":27,"column":13}},"34":{"start":{"line":27,"column":2},"end":{"line":31,"column":42}},"35":{"start":{"line":31,"column":33},"end":{"line":31,"column":42}},"36":{"start":{"line":31,"column":42},"end":{"line":31,"column":null}},"37":{"start":{"line":40,"column":3},"end":{"line":40,"column":null}},"38":{"start":{"line":41,"column":2},"end":{"line":41,"column":null}}},"fnMap":{"0":{"name":"compilePath","decl":{"start":{"line":3,"column":9},"end":{"line":3,"column":20}},"loc":{"start":{"line":3,"column":33},"end":{"line":13,"column":null}}},"1":{"name":"(anonymous_15)","decl":{"start":{"line":7,"column":26},"end":{"line":7,"column":27}},"loc":{"start":{"line":7,"column":37},"end":{"line":10,"column":5}}},"2":{"name":"parseQuery","decl":{"start":{"line":15,"column":9},"end":{"line":15,"column":19}},"loc":{"start":{"line":15,"column":34},"end":{"line":23,"column":null}}},"3":{"name":"(anonymous_17)","decl":{"start":{"line":19,"column":14},"end":{"line":19,"column":15}},"loc":{"start":{"line":19,"column":23},"end":{"line":21,"column":3}}},"4":{"name":"resolveRoute","decl":{"start":{"line":25,"column":16},"end":{"line":25,"column":28}},"loc":{"start":{"line":25,"column":64},"end":{"line":42,"column":null}}},"5":{"name":"_loop","decl":{"start":{"line":27,"column":24},"end":{"line":27,"column":26}},"loc":{"start":{"line":27,"column":26},"end":{"line":40,"column":3}}},"6":{"name":"(anonymous_20)","decl":{"start":{"line":33,"column":31},"end":{"line":33,"column":32}},"loc":{"start":{"line":33,"column":36},"end":{"line":33,"column":67}}}},"branchMap":{"0":{"loc":{"start":{"line":17,"column":2},"end":{"line":17,"column":null}},"type":"if","locations":[{"start":{"line":17,"column":2},"end":{"line":17,"column":null}}]},"1":{"loc":{"start":{"line":18,"column":34},"end":{"line":18,"column":83}},"type":"cond-expr","locations":[{"start":{"line":18,"column":59},"end":{"line":18,"column":74}},{"start":{"line":18,"column":77},"end":{"line":18,"column":83}}]},"2":{"loc":{"start":{"line":26,"column":25},"end":{"line":26,"column":34}},"type":"cond-expr","locations":[{"start":{"line":26,"column":28},"end":{"line":26,"column":30}},{"start":{"line":26,"column":30},"end":{"line":26,"column":34}}]},"3":{"loc":{"start":{"line":28,"column":4},"end":{"line":28,"column":null}},"type":"if","locations":[{"start":{"line":28,"column":4},"end":{"line":28,"column":null}}]},"4":{"loc":{"start":{"line":30,"column":4},"end":{"line":39,"column":null}},"type":"if","locations":[{"start":{"line":30,"column":4},"end":{"line":39,"column":null}}]},"5":{"loc":{"start":{"line":31,"column":6},"end":{"line":31,"column":33}},"type":"if","locations":[{"start":{"line":31,"column":6},"end":{"line":31,"column":33}}]},"6":{"loc":{"start":{"line":31,"column":10},"end":{"line":31,"column":31}},"type":"binary-expr","locations":[{"start":{"line":31,"column":10},"end":{"line":31,"column":17}},{"start":{"line":31,"column":21},"end":{"line":31,"column":31}}]},"7":{"loc":{"start":{"line":27,"column":2},"end":{"line":31,"column":42}},"type":"if","locations":[{"start":{"line":27,"column":2},"end":{"line":31,"column":42}}]},"8":{"loc":{"start":{"line":31,"column":42},"end":{"line":31,"column":null}},"type":"if","locations":[{"start":{"line":31,"column":42},"end":{"line":31,"column":null}}]}},"s":{"0":3,"1":0,"2":0,"3":0,"4":0,"5":0,"6":0,"7":0,"8":0,"9":0,"10":0,"11":0,"12":0,"13":0,"14":0,"15":0,"16":0,"17":0,"18":0,"19":0,"20":0,"21":0,"22":0,"23":0,"24":0,"25":0,"26":0,"27":0,"28":0,"29":0,"30":0,"31":0,"32":0,"33":0,"34":0,"35":0,"36":0,"37":0,"38":0},"f":{"0":0,"1":0,"2":0,"3":0,"4":0,"5":0,"6":0},"b":{"0":[0],"1":[0,0],"2":[0,0],"3":[0],"4":[0],"5":[0],"6":[0,0],"7":[0],"8":[0]}}
}
