TN:
SF:src/core/computed-fixed.ts
FN:19,startTracking
FN:26,endTracking
FN:31,recordDependency
FN:41,startComputing
FN:64,endComputing
FN:73,isCircularDependency
FN:81,dfs
FN:111,safelyComputeValue
FN:151,batchUpdate
FN:172,processBatches
FN:186,processBatch
FN:193,_loop
FN:196,(anonymous_26)
FNF:13
FNH:1
FNDA:0,startTracking
FNDA:0,endTracking
FNDA:80,recordDependency
FNDA:0,startComputing
FNDA:0,endComputing
FNDA:0,isCircularDependency
FNDA:0,dfs
FNDA:0,safelyComputeValue
FNDA:0,batchUpdate
FNDA:0,processBatches
FNDA:0,processBatch
FNDA:0,_loop
FNDA:0,(anonymous_26)
DA:15,3
DA:16,3
DA:17,3
DA:19,3
DA:20,0
DA:21,0
DA:22,0
DA:23,0
DA:26,3
DA:27,0
DA:28,0
DA:31,3
DA:32,80
DA:33,80
DA:35,0
DA:36,0
DA:41,3
DA:42,0
DA:43,0
DA:45,0
DA:46,0
DA:47,0
DA:51,0
DA:52,0
DA:53,0
DA:54,0
DA:57,0
DA:58,0
DA:59,0
DA:61,0
DA:64,3
DA:65,0
DA:66,0
DA:67,0
DA:68,0
DA:69,0
DA:73,3
DA:78,0
DA:79,0
DA:82,0
DA:83,0
DA:85,0
DA:86,0
DA:88,0
DA:89,0
DA:90,0
DA:91,0
DA:92,0
DA:95,0
DA:96,0
DA:99,0
DA:100,0
DA:101,0
DA:102,0
DA:103,0
DA:104,0
DA:106,0
DA:108,0
DA:111,3
DA:117,0
DA:118,0
DA:119,0
DA:122,0
DA:124,0
DA:125,0
DA:126,0
DA:129,0
DA:130,0
DA:131,0
DA:132,0
DA:134,0
DA:135,0
DA:138,0
DA:148,3
DA:149,3
DA:151,3
DA:157,0
DA:158,0
DA:164,0
DA:165,0
DA:167,0
DA:168,0
DA:173,0
DA:174,0
DA:176,0
DA:177,0
DA:178,0
DA:179,0
DA:180,0
DA:182,0
DA:187,0
DA:188,0
DA:190,0
DA:192,0
DA:193,0
DA:194,0
DA:195,0
DA:196,0
DA:197,0
DA:198,0
DA:199,0
DA:200,0
DA:202,0
DA:207,0
LF:104
LH:15
BRDA:28,0,0,0
BRDA:28,0,1,0
BRDA:33,1,0,0
BRDA:33,2,0,80
BRDA:33,2,1,0
BRDA:35,3,0,0
BRDA:43,4,0,0
BRDA:43,5,0,0
BRDA:43,5,1,0
BRDA:45,6,0,0
BRDA:51,7,0,0
BRDA:51,7,1,0
BRDA:52,8,0,0
BRDA:66,9,0,0
BRDA:66,10,0,0
BRDA:66,10,1,0
BRDA:68,11,0,0
BRDA:68,11,1,0
BRDA:82,12,0,0
BRDA:83,13,0,0
BRDA:89,14,0,0
BRDA:91,15,0,0
BRDA:101,16,0,0
BRDA:103,17,0,0
BRDA:103,18,0,0
BRDA:103,18,1,0
BRDA:117,19,0,0
BRDA:125,20,0,0
BRDA:157,21,0,0
BRDA:167,22,0,0
BRDA:173,23,0,0
BRDA:190,24,0,0
BRDA:190,25,0,0
BRDA:190,25,1,0
BRDA:194,26,0,0
BRDA:194,27,0,0
BRDA:194,27,1,0
BRDA:198,28,0,0
BRF:38
BRH:1
end_of_record
TN:
SF:src/core/computed.ts
FN:15,startTracking
FN:21,endTracking
FN:26,recordDependency
FNF:3
FNH:0
FNDA:0,startTracking
FNDA:0,endTracking
FNDA:0,recordDependency
DA:13,0
DA:15,0
DA:16,0
DA:17,0
DA:18,0
DA:21,0
DA:22,0
DA:23,0
DA:26,0
DA:27,0
DA:28,0
DA:29,0
LF:12
LH:0
BRDA:23,0,0,0
BRDA:23,0,1,0
BRDA:28,1,0,0
BRDA:28,2,0,0
BRDA:28,2,1,0
BRF:5
BRH:0
end_of_record
TN:
SF:src/core/renderer.ts
FN:9,callWithErrorHandling
FN:30,initializeComponentBindingsAndState
FN:51,(anonymous_19)
FN:53,(anonymous_20)
FN:58,(anonymous_21)
FN:66,setupFieldProperty
FN:76,(anonymous_23)
FN:84,get
FN:87,set
FN:113,(anonymous_26)
FN:121,get
FN:129,set
FN:139,(anonymous_29)
FN:146,(anonymous_30)
FN:164,(anonymous_31)
FN:169,(anonymous_32)
FN:187,(anonymous_33)
FN:194,(anonymous_34)
FN:222,(anonymous_35)
FN:224,(anonymous_36)
FN:226,(anonymous_37)
FN:228,(anonymous_38)
FN:232,(anonymous_39)
FN:243,(anonymous_40)
FN:252,get
FN:261,(anonymous_42)
FN:266,(anonymous_43)
FN:288,(anonymous_44)
FN:323,(anonymous_46)
FN:330,(anonymous_47)
FN:356,update
FN:357,destroy
FN:376,(anonymous_50)
FN:395,(anonymous_51)
FN:399,(anonymous_52)
FN:410,(anonymous_53)
FN:416,(anonymous_54)
FN:422,(anonymous_55)
FN:432,(anonymous_56)
FN:453,(anonymous_57)
FN:464,prepareRenderArgs
FN:472,(anonymous_59)
FN:490,renderEchelonElementToNodes
FN:515,(anonymous_61)
FN:529,(anonymous_62)
FN:554,(anonymous_63)
FN:557,(anonymous_64)
FN:569,callMountedRecursively
FN:580,(anonymous_66)
FN:586,mount
FN:599,(anonymous_68)
FN:610,(anonymous_69)
FNF:52
FNH:28
FNDA:71,callWithErrorHandling
FNDA:27,initializeComponentBindingsAndState
FNDA:0,(anonymous_19)
FNDA:0,(anonymous_20)
FNDA:0,(anonymous_21)
FNDA:26,setupFieldProperty
FNDA:3,(anonymous_23)
FNDA:4,get
FNDA:1,set
FNDA:0,(anonymous_26)
FNDA:80,get
FNDA:31,set
FNDA:0,(anonymous_29)
FNDA:0,(anonymous_30)
FNDA:0,(anonymous_31)
FNDA:0,(anonymous_32)
FNDA:0,(anonymous_33)
FNDA:0,(anonymous_34)
FNDA:0,(anonymous_35)
FNDA:0,(anonymous_36)
FNDA:0,(anonymous_37)
FNDA:26,(anonymous_38)
FNDA:0,(anonymous_39)
FNDA:0,(anonymous_40)
FNDA:0,get
FNDA:0,(anonymous_42)
FNDA:0,(anonymous_43)
FNDA:8,(anonymous_44)
FNDA:0,(anonymous_46)
FNDA:0,(anonymous_47)
FNDA:0,update
FNDA:0,destroy
FNDA:21,(anonymous_50)
FNDA:21,(anonymous_51)
FNDA:21,(anonymous_52)
FNDA:2,(anonymous_53)
FNDA:1,(anonymous_54)
FNDA:0,(anonymous_55)
FNDA:2,(anonymous_56)
FNDA:27,(anonymous_57)
FNDA:48,prepareRenderArgs
FNDA:21,(anonymous_59)
FNDA:364,renderEchelonElementToNodes
FNDA:0,(anonymous_61)
FNDA:373,(anonymous_62)
FNDA:303,(anonymous_63)
FNDA:303,(anonymous_64)
FNDA:108,callMountedRecursively
FNDA:95,(anonymous_66)
FNDA:13,mount
FNDA:13,(anonymous_68)
FNDA:13,(anonymous_69)
DA:4,3
DA:5,3
DA:6,3
DA:7,3
DA:9,71
DA:10,71
DA:11,71
DA:12,71
DA:13,71
DA:15,0
DA:16,0
DA:17,0
DA:18,0
DA:20,0
DA:31,27
DA:33,27
DA:35,27
DA:42,0
DA:43,0
DA:51,27
DA:52,0
DA:53,0
DA:54,0
DA:56,0
DA:57,0
DA:58,0
DA:64,27
DA:66,27
DA:70,26
DA:73,26
DA:74,26
DA:75,2
DA:76,2
DA:77,3
DA:79,2
DA:80,2
DA:81,2
DA:82,2
DA:83,2
DA:85,4
DA:88,1
DA:93,2
DA:94,2
DA:97,24
DA:98,24
DA:101,24
DA:102,0
DA:103,0
DA:104,0
DA:106,24
DA:107,0
DA:108,0
DA:109,0
DA:111,24
DA:112,0
DA:113,0
DA:114,0
DA:120,24
DA:126,80
DA:127,80
DA:130,31
DA:131,28
DA:132,28
DA:133,28
DA:134,28
DA:135,0
DA:136,28
DA:137,0
DA:138,28
DA:139,0
DA:140,0
DA:144,28
DA:145,0
DA:146,0
DA:147,0
DA:148,0
DA:149,0
DA:150,0
DA:152,0
DA:153,0
DA:154,0
DA:156,0
DA:162,28
DA:163,0
DA:164,0
DA:165,0
DA:166,0
DA:169,0
DA:170,0
DA:171,0
DA:173,0
DA:174,0
DA:175,0
DA:178,0
DA:181,0
DA:182,0
DA:185,0
DA:187,0
DA:188,0
DA:189,0
DA:190,0
DA:194,0
DA:195,0
DA:196,0
DA:197,0
DA:198,0
DA:203,0
DA:204,0
DA:210,28
DA:211,20
DA:218,24
DA:222,27
DA:224,27
DA:226,27
DA:228,27
DA:230,27
DA:231,0
DA:232,0
DA:233,0
DA:234,0
DA:235,0
DA:236,0
DA:237,0
DA:238,0
DA:239,0
DA:241,0
DA:243,0
DA:244,0
DA:245,0
DA:246,0
DA:247,0
DA:249,0
DA:250,0
DA:251,0
DA:253,0
DA:254,0
DA:255,0
DA:258,0
DA:259,0
DA:261,0
DA:262,0
DA:263,0
DA:264,0
DA:266,0
DA:267,0
DA:268,0
DA:269,0
DA:270,0
DA:272,0
DA:274,0
DA:277,0
DA:278,0
DA:288,27
DA:289,8
DA:290,8
DA:291,8
DA:292,8
DA:293,8
DA:294,0
DA:295,0
DA:309,27
DA:310,27
DA:311,0
DA:312,0
DA:314,27
DA:315,0
DA:316,0
DA:320,27
DA:322,27
DA:323,0
DA:324,0
DA:325,0
DA:329,27
DA:330,0
DA:331,0
DA:332,0
DA:336,27
DA:337,27
DA:340,27
DA:341,27
DA:343,0
DA:346,27
DA:360,27
DA:367,27
DA:369,27
DA:371,27
DA:372,4
DA:376,27
DA:377,21
DA:379,0
DA:381,21
DA:382,0
DA:383,0
DA:387,21
DA:388,4
DA:391,21
DA:392,21
DA:395,21
DA:396,21
DA:398,21
DA:399,21
DA:400,21
DA:401,21
DA:404,21
DA:405,4
DA:410,27
DA:412,2
DA:413,2
DA:416,2
DA:417,1
DA:419,2
DA:421,2
DA:422,0
DA:423,0
DA:427,2
DA:428,2
DA:432,2
DA:433,2
DA:436,2
DA:437,2
DA:440,2
DA:445,27
DA:446,0
DA:447,0
DA:449,27
DA:450,27
DA:451,27
DA:453,27
DA:454,27
DA:455,27
DA:458,27
DA:465,48
DA:468,48
DA:469,48
DA:470,48
DA:472,48
DA:473,21
DA:474,21
DA:478,48
DA:481,0
DA:484,48
DA:495,364
DA:498,364
DA:499,27
DA:500,27
DA:501,27
DA:502,27
DA:504,27
DA:505,27
DA:507,27
DA:510,0
DA:513,337
DA:514,0
DA:515,0
DA:516,0
DA:518,0
DA:521,337
DA:522,138
DA:525,199
DA:526,199
DA:529,199
DA:530,373
DA:531,174
DA:533,174
DA:535,0
DA:536,0
DA:539,174
DA:540,0
DA:541,174
DA:542,10
DA:543,164
DA:544,0
DA:545,164
DA:546,0
DA:548,164
DA:553,199
DA:554,199
DA:555,303
DA:557,303
DA:558,199
DA:561,0
DA:562,0
DA:570,108
DA:571,17
DA:572,17
DA:573,17
DA:574,17
DA:575,7
DA:580,108
DA:586,3
DA:590,13
DA:591,0
DA:592,0
DA:594,13
DA:596,13
DA:597,13
DA:599,13
DA:600,13
DA:602,13
DA:603,13
DA:610,13
DA:612,13
LF:302
LH:170
BRDA:9,0,0,48
BRDA:9,0,1,23
BRDA:9,1,0,71
BRDA:9,1,1,48
BRDA:11,2,0,71
BRDA:16,3,0,0
BRDA:16,3,1,0
BRDA:16,4,0,0
BRDA:16,4,1,0
BRDA:18,5,0,0
BRDA:35,6,0,0
BRDA:36,7,0,27
BRDA:36,7,1,0
BRDA:36,7,2,0
BRDA:36,7,3,0
BRDA:36,7,4,0
BRDA:42,8,0,0
BRDA:52,9,0,0
BRDA:52,9,1,0
BRDA:52,10,0,0
BRDA:52,10,1,0
BRDA:56,11,0,0
BRDA:70,12,0,0
BRDA:73,13,0,0
BRDA:73,13,1,26
BRDA:73,14,0,26
BRDA:73,14,1,26
BRDA:74,15,0,2
BRDA:77,16,0,1
BRDA:79,17,0,2
BRDA:82,18,0,2
BRDA:82,19,0,2
BRDA:82,19,1,2
BRDA:101,20,0,0
BRDA:101,20,1,24
BRDA:101,21,0,24
BRDA:101,21,1,0
BRDA:103,22,0,0
BRDA:103,23,0,0
BRDA:103,23,1,0
BRDA:106,24,0,0
BRDA:106,24,1,24
BRDA:106,25,0,24
BRDA:106,25,1,0
BRDA:108,26,0,0
BRDA:108,27,0,0
BRDA:108,27,1,0
BRDA:111,28,0,0
BRDA:111,29,0,24
BRDA:111,29,1,0
BRDA:112,30,0,0
BRDA:112,31,0,0
BRDA:112,31,1,0
BRDA:112,31,2,0
BRDA:130,32,0,28
BRDA:133,33,0,28
BRDA:134,34,0,0
BRDA:134,34,1,28
BRDA:134,35,0,28
BRDA:134,35,1,0
BRDA:136,36,0,0
BRDA:136,36,1,28
BRDA:136,37,0,28
BRDA:136,37,1,0
BRDA:138,38,0,0
BRDA:138,39,0,28
BRDA:138,39,1,0
BRDA:138,39,2,0
BRDA:144,40,0,0
BRDA:144,41,0,28
BRDA:144,41,1,0
BRDA:148,42,0,0
BRDA:152,43,0,0
BRDA:152,43,1,0
BRDA:152,44,0,0
BRDA:152,44,1,0
BRDA:154,45,0,0
BRDA:162,46,0,0
BRDA:162,47,0,28
BRDA:162,47,1,0
BRDA:162,47,2,0
BRDA:166,48,0,0
BRDA:166,48,1,0
BRDA:171,49,0,0
BRDA:181,50,0,0
BRDA:185,51,0,0
BRDA:185,52,0,0
BRDA:185,52,1,0
BRDA:188,53,0,0
BRDA:188,53,1,0
BRDA:188,54,0,0
BRDA:188,54,1,0
BRDA:189,55,0,0
BRDA:189,55,1,0
BRDA:189,55,2,0
BRDA:190,56,0,0
BRDA:190,57,0,0
BRDA:190,57,1,0
BRDA:195,58,0,0
BRDA:197,59,0,0
BRDA:203,60,0,0
BRDA:203,61,0,0
BRDA:203,61,1,0
BRDA:210,62,0,20
BRDA:210,63,0,28
BRDA:210,63,1,28
BRDA:230,64,0,0
BRDA:230,65,0,27
BRDA:230,65,1,0
BRDA:231,66,0,0
BRDA:234,67,0,0
BRDA:234,68,0,0
BRDA:234,68,1,0
BRDA:244,69,0,0
BRDA:246,70,0,0
BRDA:253,71,0,0
BRDA:253,72,0,0
BRDA:253,72,1,0
BRDA:258,73,0,0
BRDA:258,73,1,0
BRDA:258,74,0,0
BRDA:258,74,1,0
BRDA:262,75,0,0
BRDA:262,75,1,0
BRDA:262,76,0,0
BRDA:262,76,1,0
BRDA:263,77,0,0
BRDA:263,77,1,0
BRDA:263,77,2,0
BRDA:264,78,0,0
BRDA:264,79,0,0
BRDA:264,79,1,0
BRDA:267,80,0,0
BRDA:269,81,0,0
BRDA:290,82,0,8
BRDA:290,82,1,0
BRDA:290,83,0,8
BRDA:290,83,1,8
BRDA:294,84,0,0
BRDA:310,85,0,0
BRDA:314,86,0,0
BRDA:322,87,0,0
BRDA:322,88,0,27
BRDA:322,88,1,27
BRDA:324,89,0,0
BRDA:329,90,0,0
BRDA:329,91,0,27
BRDA:329,91,1,27
BRDA:331,92,0,0
BRDA:340,93,0,27
BRDA:340,93,1,0
BRDA:371,94,0,4
BRDA:377,95,0,0
BRDA:381,96,0,0
BRDA:381,97,0,21
BRDA:381,97,1,21
BRDA:387,98,0,4
BRDA:395,99,0,0
BRDA:395,99,1,21
BRDA:395,100,0,21
BRDA:395,100,1,21
BRDA:404,101,0,4
BRDA:412,102,0,2
BRDA:421,103,0,0
BRDA:427,104,0,2
BRDA:432,105,0,0
BRDA:432,105,1,2
BRDA:432,106,0,2
BRDA:432,106,1,2
BRDA:436,107,0,2
BRDA:436,108,0,2
BRDA:436,108,1,2
BRDA:445,109,0,0
BRDA:469,110,0,48
BRDA:469,110,1,0
BRDA:473,111,0,21
BRDA:478,112,0,0
BRDA:478,113,0,48
BRDA:478,113,1,0
BRDA:495,114,0,0
BRDA:498,115,0,27
BRDA:498,115,1,337
BRDA:501,116,0,27
BRDA:501,116,1,0
BRDA:505,117,0,27
BRDA:513,118,0,0
BRDA:513,118,1,337
BRDA:515,119,0,0
BRDA:515,119,1,0
BRDA:521,120,0,138
BRDA:521,120,1,199
BRDA:525,121,0,199
BRDA:530,122,0,199
BRDA:533,123,0,0
BRDA:533,123,1,174
BRDA:533,124,0,174
BRDA:533,124,1,0
BRDA:539,125,0,0
BRDA:539,125,1,174
BRDA:539,126,0,174
BRDA:539,126,1,0
BRDA:541,127,0,10
BRDA:541,127,1,164
BRDA:543,128,0,0
BRDA:543,128,1,164
BRDA:545,129,0,0
BRDA:545,129,1,164
BRDA:545,130,0,164
BRDA:545,130,1,164
BRDA:554,131,0,199
BRDA:554,131,1,0
BRDA:570,132,0,17
BRDA:572,133,0,17
BRDA:574,134,0,7
BRDA:590,135,0,0
BRDA:602,136,0,13
BRDA:602,137,0,13
BRDA:602,137,1,13
BRF:218
BRH:86
end_of_record
TN:
SF:src/core/store.ts
FN:8,hasStore
FN:12,ensureEntry
FN:19,getStoreValue
FN:23,setStoreValue
FN:27,(anonymous_4)
FN:31,subscribeStore
FN:34,(anonymous_6)
FNF:7
FNH:6
FNDA:2,hasStore
FNDA:9,ensureEntry
FNDA:4,getStoreValue
FNDA:3,setStoreValue
FNDA:3,(anonymous_4)
FNDA:2,subscribeStore
FNDA:0,(anonymous_6)
DA:6,3
DA:8,3
DA:9,2
DA:13,9
DA:14,2
DA:16,9
DA:19,3
DA:20,4
DA:23,3
DA:24,3
DA:25,3
DA:26,3
DA:27,3
DA:31,3
DA:32,2
DA:33,2
DA:34,2
DA:35,0
LF:18
LH:17
BRDA:13,0,0,2
BRDA:25,1,0,3
BRF:2
BRH:2
end_of_record
TN:
SF:src/core/types.ts
FNF:0
FNH:0
DA:6,3
DA:7,3
LF:2
LH:2
BRF:0
BRH:0
end_of_record
TN:
SF:src/core/decorators/class.ts
FN:3,Component
FN:4,(anonymous_1)
FNF:2
FNH:2
FNDA:27,Component
FNDA:27,(anonymous_1)
DA:1,3
DA:3,3
DA:4,27
DA:5,27
DA:6,27
LF:5
LH:5
BRF:0
BRH:0
end_of_record
TN:
SF:src/core/decorators/dom.ts
FN:3,Event
FN:4,(anonymous_1)
FN:13,Property
FN:14,(anonymous_3)
FN:20,Method
FN:21,(anonymous_5)
FN:27,Style
FN:28,(anonymous_7)
FN:39,StyleLayout
FN:40,(anonymous_9)
FNF:10
FNH:4
FNDA:11,Event
FNDA:11,(anonymous_1)
FNDA:3,Property
FNDA:3,(anonymous_3)
FNDA:0,Method
FNDA:0,(anonymous_5)
FNDA:0,Style
FNDA:0,(anonymous_7)
FNDA:0,StyleLayout
FNDA:0,(anonymous_9)
DA:1,3
DA:3,3
DA:4,11
DA:8,11
DA:9,11
DA:13,3
DA:14,3
DA:15,3
DA:16,3
DA:20,3
DA:21,0
DA:22,0
DA:23,0
DA:27,3
DA:28,0
DA:29,0
DA:31,0
DA:35,0
DA:39,3
DA:40,0
DA:41,0
DA:42,0
LF:22
LH:12
BRDA:31,0,0,0
BRDA:31,0,1,0
BRDA:32,1,0,0
BRDA:32,1,1,0
BRF:4
BRH:0
end_of_record
TN:
SF:src/core/decorators/index.ts
FNF:0
FNH:0
DA:1,3
DA:2,3
DA:3,3
DA:4,3
DA:5,3
LF:5
LH:5
BRF:0
BRH:0
end_of_record
TN:
SF:src/core/decorators/lifecycle.ts
FN:3,Render
FN:4,(anonymous_1)
FN:10,Mounted
FN:11,(anonymous_3)
FN:17,BeforeMount
FN:18,(anonymous_5)
FN:24,BeforeUpdate
FN:25,(anonymous_7)
FN:31,Updated
FN:32,(anonymous_9)
FN:38,BeforeUnmount
FN:39,(anonymous_11)
FN:45,ErrorCaptured
FN:46,(anonymous_13)
FN:52,Destroyed
FN:53,(anonymous_15)
FNF:16
FNH:16
FNDA:27,Render
FNDA:27,(anonymous_1)
FNDA:13,Mounted
FNDA:13,(anonymous_3)
FNDA:4,BeforeMount
FNDA:4,(anonymous_5)
FNDA:3,BeforeUpdate
FNDA:3,(anonymous_7)
FNDA:3,Updated
FNDA:3,(anonymous_9)
FNDA:3,BeforeUnmount
FNDA:3,(anonymous_11)
FNDA:1,ErrorCaptured
FNDA:1,(anonymous_13)
FNDA:9,Destroyed
FNDA:9,(anonymous_15)
DA:1,3
DA:3,3
DA:4,27
DA:5,27
DA:6,27
DA:10,3
DA:11,13
DA:12,13
DA:13,13
DA:17,3
DA:18,4
DA:19,4
DA:20,4
DA:24,3
DA:25,3
DA:26,3
DA:27,3
DA:31,3
DA:32,3
DA:33,3
DA:34,3
DA:38,3
DA:39,3
DA:40,3
DA:41,3
DA:45,3
DA:46,1
DA:47,1
DA:48,1
DA:52,3
DA:53,9
DA:54,9
DA:55,9
LF:33
LH:33
BRF:0
BRH:0
end_of_record
TN:
SF:src/core/decorators/meta.ts
FN:4,getOrCreateComponentMeta
FNF:1
FNH:1
FNDA:133,getOrCreateComponentMeta
DA:1,3
DA:2,3
DA:4,3
DA:6,133
DA:10,133
DA:11,27
DA:12,27
DA:25,27
DA:26,27
DA:29,106
DA:33,106
DA:34,106
DA:35,106
DA:36,106
DA:37,106
DA:38,106
DA:39,106
DA:40,106
DA:41,106
DA:42,106
DA:44,106
LF:21
LH:21
BRDA:6,0,0,27
BRDA:6,0,1,106
BRDA:10,1,0,27
BRDA:11,2,0,27
BRDA:11,2,1,0
BRDA:33,3,0,0
BRDA:34,4,0,0
BRDA:35,5,0,0
BRDA:36,6,0,0
BRDA:37,7,0,0
BRDA:38,8,0,0
BRDA:39,9,0,0
BRDA:40,10,0,0
BRDA:41,11,0,0
BRDA:42,12,0,0
BRF:15
BRH:4
end_of_record
TN:
SF:src/core/decorators/params.ts
FN:3,Prop
FN:4,(anonymous_1)
FN:19,Children
FN:20,(anonymous_3)
FN:35,Param
FN:36,(anonymous_5)
FN:44,Query
FN:45,(anonymous_7)
FNF:8
FNH:4
FNDA:5,Prop
FNDA:5,(anonymous_1)
FNDA:6,Children
FNDA:6,(anonymous_3)
FNDA:0,Param
FNDA:0,(anonymous_5)
FNDA:0,Query
FNDA:0,(anonymous_7)
DA:1,3
DA:3,3
DA:4,5
DA:9,5
DA:10,5
DA:11,0
DA:15,5
DA:19,3
DA:20,6
DA:25,6
DA:26,6
DA:27,0
DA:31,6
DA:35,3
DA:36,0
DA:37,0
DA:38,0
DA:39,0
DA:40,0
DA:44,3
DA:45,0
DA:46,0
DA:47,0
DA:48,0
DA:49,0
LF:25
LH:13
BRDA:10,0,0,0
BRDA:10,1,0,5
BRDA:10,1,1,0
BRDA:26,2,0,0
BRDA:26,3,0,6
BRDA:26,3,1,0
BRDA:38,4,0,0
BRDA:47,5,0,0
BRF:8
BRH:2
end_of_record
TN:
SF:src/core/decorators/state.ts
FN:3,State
FN:4,(anonymous_1)
FN:10,Computed
FN:11,(anonymous_3)
FN:21,Store
FN:22,(anonymous_5)
FN:31,Use
FN:32,(anonymous_7)
FN:40,Watch
FN:41,(anonymous_9)
FNF:10
FNH:4
FNDA:16,State
FNDA:16,(anonymous_1)
FNDA:0,Computed
FNDA:0,(anonymous_3)
FNDA:2,Store
FNDA:2,(anonymous_5)
FNDA:0,Use
FNDA:0,(anonymous_7)
FNDA:0,Watch
FNDA:0,(anonymous_9)
DA:1,3
DA:3,3
DA:4,16
DA:5,16
DA:6,16
DA:10,3
DA:11,0
DA:15,0
DA:16,0
DA:17,0
DA:21,3
DA:22,2
DA:23,2
DA:24,2
DA:25,2
DA:26,2
DA:27,2
DA:31,3
DA:32,0
DA:33,0
DA:34,0
DA:35,0
DA:36,0
DA:40,3
DA:41,0
DA:42,0
DA:43,0
DA:44,0
DA:45,0
DA:46,0
LF:30
LH:15
BRDA:16,0,0,0
BRDA:24,1,0,2
BRDA:24,1,1,0
BRDA:25,2,0,0
BRDA:34,3,0,0
BRDA:43,4,0,0
BRDA:44,5,0,0
BRDA:44,5,1,0
BRF:8
BRH:1
end_of_record
TN:
SF:src/example/TodoApp.tsx
FN:6,(anonymous_18)
FN:6,TodoItem
FN:8,(anonymous_20)
FN:11,handleClick
FN:16,render
FN:28,(anonymous_23)
FN:28,TodoApp
FN:32,removeItem
FN:33,(anonymous_26)
FN:37,addItem
FN:46,updateInput
FN:51,render
FN:59,(anonymous_30)
FNF:13
FNH:0
FNDA:0,(anonymous_18)
FNDA:0,TodoItem
FNDA:0,(anonymous_20)
FNDA:0,handleClick
FNDA:0,render
FNDA:0,(anonymous_23)
FNDA:0,TodoApp
FNDA:0,removeItem
FNDA:0,(anonymous_26)
FNDA:0,addItem
FNDA:0,updateInput
FNDA:0,render
FNDA:0,(anonymous_30)
DA:3,0
DA:6,0
DA:7,0
DA:8,0
DA:11,0
DA:12,0
DA:16,0
DA:21,0
DA:22,0
DA:23,0
DA:25,0
DA:28,0
DA:29,0
DA:30,0
DA:33,0
DA:37,0
DA:38,0
DA:39,0
DA:40,0
DA:41,0
DA:46,0
DA:47,0
DA:51,0
DA:52,0
DA:59,0
DA:66,0
LF:26
LH:0
BRDA:39,0,0,0
BRF:1
BRH:0
end_of_record
TN:
SF:src/example/clicker-app/Comp1.tsx
FN:4,(anonymous_12)
FN:4,Comp1
FN:11,clickHandle
FN:16,render
FN:26,(anonymous_16)
FN:26,Root
FN:30,render
FN:34,init
FN:35,(anonymous_20)
FNF:9
FNH:0
FNDA:0,(anonymous_12)
FNDA:0,Comp1
FNDA:0,clickHandle
FNDA:0,render
FNDA:0,(anonymous_16)
FNDA:0,Root
FNDA:0,render
FNDA:0,init
FNDA:0,(anonymous_20)
DA:1,0
DA:4,0
DA:5,0
DA:6,0
DA:7,0
DA:8,0
DA:9,0
DA:11,0
DA:12,0
DA:13,0
DA:16,0
DA:17,0
DA:18,0
DA:23,0
DA:26,0
DA:27,0
DA:30,0
DA:31,0
DA:34,0
DA:35,0
DA:36,0
DA:40,0
LF:22
LH:0
BRF:0
BRH:0
end_of_record
TN:
SF:src/router/index.ts
FN:1,get
FN:1,get
FN:1,get
FN:1,get
FN:3,get
FN:3,get
FNF:6
FNH:0
FNDA:0,get
FNDA:0,get
FNDA:0,get
FNDA:0,get
FNDA:0,get
FNDA:0,get
DA:1,3
DA:3,3
LF:2
LH:2
BRF:0
BRH:0
end_of_record
TN:
SF:src/router/router.ts
FN:9,navigate
FN:16,(anonymous_19)
FN:16,Link
FN:20,handleClick
FN:26,render
FN:32,(anonymous_23)
FN:32,Router
FN:46,(anonymous_25)
FN:36,init
FN:42,cleanup
FN:51,render
FN:57,(anonymous_29)
FN:57,RouterOutlet
FN:61,compute
FN:79,mounted
FN:81,(anonymous_33)
FN:87,destroyed
FN:92,render
FNF:18
FNH:3
FNDA:0,navigate
FNDA:3,(anonymous_19)
FNDA:0,Link
FNDA:0,handleClick
FNDA:0,render
FNDA:3,(anonymous_23)
FNDA:0,Router
FNDA:0,(anonymous_25)
FNDA:0,init
FNDA:0,cleanup
FNDA:0,render
FNDA:3,(anonymous_29)
FNDA:0,RouterOutlet
FNDA:0,compute
FNDA:0,mounted
FNDA:0,(anonymous_33)
FNDA:0,destroyed
FNDA:0,render
DA:1,3
DA:2,3
DA:3,3
DA:5,3
DA:7,3
DA:9,3
DA:10,0
DA:11,0
DA:12,0
DA:16,3
DA:17,3
DA:20,3
DA:21,0
DA:22,0
DA:26,3
DA:27,0
DA:29,3
DA:32,3
DA:33,0
DA:36,3
DA:37,0
DA:38,0
DA:42,3
DA:43,0
DA:46,0
DA:47,0
DA:51,3
DA:52,0
DA:54,3
DA:57,3
DA:59,0
DA:62,0
DA:63,0
DA:64,0
DA:65,0
DA:67,0
DA:68,0
DA:69,0
DA:74,0
DA:79,3
DA:80,0
DA:81,0
DA:82,0
DA:87,3
DA:88,0
DA:92,3
DA:93,0
DA:95,3
LF:48
LH:21
BRDA:12,0,0,0
BRDA:12,0,1,0
BRDA:12,1,0,0
BRDA:12,1,1,0
BRDA:12,2,0,0
BRDA:12,2,1,0
BRDA:27,3,0,0
BRDA:27,3,1,0
BRDA:52,4,0,0
BRDA:52,4,1,0
BRDA:63,5,0,0
BRDA:68,6,0,0
BRDA:68,6,1,0
BRDA:88,7,0,0
BRDA:88,7,1,0
BRDA:88,7,2,0
BRF:16
BRH:0
end_of_record
TN:
SF:src/router/utils.ts
FN:3,compilePath
FN:7,(anonymous_15)
FN:15,parseQuery
FN:19,(anonymous_17)
FN:25,resolveRoute
FN:27,_loop
FN:33,(anonymous_20)
FNF:7
FNH:0
FNDA:0,compilePath
FNDA:0,(anonymous_15)
FNDA:0,parseQuery
FNDA:0,(anonymous_17)
FNDA:0,resolveRoute
FNDA:0,_loop
FNDA:0,(anonymous_20)
DA:4,0
DA:5,0
DA:8,0
DA:9,0
DA:11,0
DA:12,0
DA:16,0
DA:17,0
DA:18,0
DA:19,0
DA:20,0
DA:22,0
DA:25,3
DA:26,0
DA:27,0
DA:28,0
DA:29,0
DA:30,0
DA:31,0
DA:32,0
DA:33,0
DA:40,0
DA:41,0
LF:23
LH:1
BRDA:17,0,0,0
BRDA:18,1,0,0
BRDA:18,1,1,0
BRDA:26,2,0,0
BRDA:26,2,1,0
BRDA:28,3,0,0
BRDA:30,4,0,0
BRDA:31,5,0,0
BRDA:31,6,0,0
BRDA:31,6,1,0
BRDA:27,7,0,0
BRDA:31,8,0,0
BRF:12
BRH:0
end_of_record
